Using pre-set license
Built from '2020.2/staging' branch; Version is '2020.2.7f1 (c53830e277f1) revision 12924976'; Using compiler version '192528614'; Build Type 'Release'
OS: 'Windows 10 Pro; OS build 19042.1586; Version 2009; 64bit' Language: 'es' Physical Memory: 16290 MB
BatchMode: 1, IsHumanControllingUs: 0, StartBugReporterOnCrash: 0, Is64bit: 1, IsPro: 0

 COMMAND LINE ARGUMENTS:
E:\Unityy\2020.2.7f1\Editor\Unity.exe
-adb2
-batchMode
-noUpm
-name
AssetImportWorker0
-projectPath
E:/ImageCampus/Tercer Cuatri/Desarrollo de Videojuegos/SolarSystem
-logFile
Logs/AssetImportWorker0.log
-srvPort
49506
Successfully changed project path to: E:/ImageCampus/Tercer Cuatri/Desarrollo de Videojuegos/SolarSystem
E:/ImageCampus/Tercer Cuatri/Desarrollo de Videojuegos/SolarSystem
Using Asset Import Pipeline V2.
Refreshing native plugins compatible for Editor in 51.39 ms, found 0 plugins.
Preloading 0 native plugins for Editor in 0.00 ms.
Initialize engine version: 2020.2.7f1 (c53830e277f1)
[Subsystems] Discovering subsystems at path E:/Unityy/2020.2.7f1/Editor/Data/Resources/UnitySubsystems
[Subsystems] Discovering subsystems at path E:/ImageCampus/Tercer Cuatri/Desarrollo de Videojuegos/SolarSystem/Assets
GfxDevice: creating device client; threaded=0
Direct3D:
    Version:  Direct3D 11.0 [level 11.1]
    Renderer: NVIDIA GeForce GTX 960 (ID=0x1401)
    Vendor:   
    VRAM:     2007 MB
    Driver:   27.21.14.6663
Shader 'Universal Render Pipeline/Particles/Lit': fallback shader 'Universal Render Pipeline/Particles/SimpleLit' not found
Initialize mono
Mono path[0] = 'E:/Unityy/2020.2.7f1/Editor/Data/Managed'
Mono path[1] = 'E:/Unityy/2020.2.7f1/Editor/Data/MonoBleedingEdge/lib/mono/unityjit'
Mono config path = 'E:/Unityy/2020.2.7f1/Editor/Data/MonoBleedingEdge/etc'
Using monoOptions --debugger-agent=transport=dt_socket,embedding=1,server=y,suspend=n,address=127.0.0.1:56276
Begin MonoManager ReloadAssembly
Registering precompiled unity dll's ...
Register platform support module: E:/Unityy/2020.2.7f1/Editor/Data/PlaybackEngines/WindowsStandaloneSupport/UnityEditor.WindowsStandalone.Extensions.dll
Registered in 0.002136 seconds.
Native extension for WindowsStandalone target not found
Refreshing native plugins compatible for Editor in 52.02 ms, found 0 plugins.
Preloading 0 native plugins for Editor in 0.00 ms.
Invoked RoslynAnalysisRunner static constructor.
RoslynAnalysisRunner will not be running.
RoslynAnalysisRunner has terminated.
Mono: successfully reloaded assembly
- Completed reload, in  1.722 seconds
Platform modules already initialized, skipping
Registering precompiled user dll's ...
Registered in 0.001453 seconds.
Begin MonoManager ReloadAssembly
Native extension for WindowsStandalone target not found
Refreshing native plugins compatible for Editor in 63.38 ms, found 0 plugins.
Preloading 0 native plugins for Editor in 0.00 ms.
Invoked RoslynAnalysisRunner static constructor.
RoslynAnalysisRunner will not be running.
RoslynAnalysisRunner has terminated.
Mono: successfully reloaded assembly
- Completed reload, in  1.595 seconds
Platform modules already initialized, skipping
========================================================================
Worker process is ready to serve import requests
Shader 'Universal Render Pipeline/Particles/Lit': fallback shader 'Universal Render Pipeline/Particles/SimpleLit' not found
Launched and connected shader compiler UnityShaderCompiler.exe after 0.08 seconds
Refreshing native plugins compatible for Editor in 1.10 ms, found 0 plugins.
Preloading 0 native plugins for Editor in 0.00 ms.
Unloading 2440 Unused Serialized files (Serialized files now loaded: 0)
System memory in use before: 117.6 MB.
System memory in use after: 117.8 MB.

Unloading 10 unused Assets to reduce memory usage. Loaded Objects now: 2892.
Total: 4.876700 ms (FindLiveObjects: 1.423400 ms CreateObjectMapping: 0.384400 ms MarkObjects: 2.991300 ms  DeleteObjects: 0.075100 ms)

========================================================================
Received Import Request.
  path: Assets/Shader/FresnelGlow.ShaderGraph
  artifactKey: Guid(d3525cc26dee0e944b2a506b290f9cef) Importer(815301076,1909f56bfc062723c751e8b465ee728b)
Start importing Assets/Shader/FresnelGlow.ShaderGraph using Guid(d3525cc26dee0e944b2a506b290f9cef) Importer(815301076,1909f56bfc062723c751e8b465ee728b)  -> (artifact id: 'c36b0f7590802bc638f3bea6cc9918a4') in 0.140889 seconds
  Import took 0.146745 seconds .

========================================================================
Received Import Request.
  Time since last request: 0.000232 seconds.
  path: Assets/Shader/DissolveShader.ShaderGraph
  artifactKey: Guid(f60b00c9668d7fa40af6c20a649abbea) Importer(815301076,1909f56bfc062723c751e8b465ee728b)
Start importing Assets/Shader/DissolveShader.ShaderGraph using Guid(f60b00c9668d7fa40af6c20a649abbea) Importer(815301076,1909f56bfc062723c751e8b465ee728b)  -> (artifact id: '592406b285d522289a9e340f4e07e128') in 0.025496 seconds
  Import took 0.030789 seconds .

========================================================================
Received Import Request.
  Time since last request: 0.000213 seconds.
  path: Assets/Shader/Hologram.ShaderGraph
  artifactKey: Guid(061bfce32970e2e4799769434794398c) Importer(815301076,1909f56bfc062723c751e8b465ee728b)
Start importing Assets/Shader/Hologram.ShaderGraph using Guid(061bfce32970e2e4799769434794398c) Importer(815301076,1909f56bfc062723c751e8b465ee728b)  -> (artifact id: '0f3ca6f01c67522351a0022b82868f30') in 0.024397 seconds
  Import took 0.045111 seconds .

========================================================================
Received Import Request.
  Time since last request: 68.595476 seconds.
  path: Assets/Materials/BulletMaterial.mat
  artifactKey: Guid(90fcd6b6f470f674383c80fed5ba29f7) Importer(815301076,1909f56bfc062723c751e8b465ee728b)
Start importing Assets/Materials/BulletMaterial.mat using Guid(90fcd6b6f470f674383c80fed5ba29f7) Importer(815301076,1909f56bfc062723c751e8b465ee728b)  -> (artifact id: 'd26a14029777213c7e4241ce959a9389') in 7.555930 seconds
  Import took 7.626445 seconds .

========================================================================
Received Import Request.
  Time since last request: 0.000204 seconds.
  path: Assets/Materials/DissolveMaterial.mat
  artifactKey: Guid(727f9e5d22535cd4a95195f19844c97e) Importer(815301076,1909f56bfc062723c751e8b465ee728b)
Start importing Assets/Materials/DissolveMaterial.mat using Guid(727f9e5d22535cd4a95195f19844c97e) Importer(815301076,1909f56bfc062723c751e8b465ee728b)  -> (artifact id: '604672a2b334cc7dd5c91b1845915fdf') in 0.086044 seconds
  Import took 0.102130 seconds .

========================================================================
Received Import Request.
  Time since last request: 1134.756112 seconds.
  path: Assets/Autarca/AlienShipsPack/Materials/AlienFighter.mat
  artifactKey: Guid(1a28d63c1672b9847915a31e7e342324) Importer(815301076,1909f56bfc062723c751e8b465ee728b)
Start importing Assets/Autarca/AlienShipsPack/Materials/AlienFighter.mat using Guid(1a28d63c1672b9847915a31e7e342324) Importer(815301076,1909f56bfc062723c751e8b465ee728b)  -> (artifact id: '602cb0ff65233389eefbd3bfc881ed2a') in 0.122984 seconds
  Import took 0.136938 seconds .

========================================================================
Received Import Request.
  Time since last request: 0.000292 seconds.
  path: Assets/Autarca/AlienShipsPack/Materials/AlienFighterGreen.mat
  artifactKey: Guid(bc3d169a8ef803d4abf078bc075e99e4) Importer(815301076,1909f56bfc062723c751e8b465ee728b)
Start importing Assets/Autarca/AlienShipsPack/Materials/AlienFighterGreen.mat using Guid(bc3d169a8ef803d4abf078bc075e99e4) Importer(815301076,1909f56bfc062723c751e8b465ee728b)  -> (artifact id: 'de74b837b96f3b22f0d243833ebac913') in 0.036156 seconds
  Import took 0.045342 seconds .

========================================================================
Received Import Request.
  Time since last request: 0.000264 seconds.
  path: Assets/Autarca/AlienShipsPack/Materials/AlienFighterWhite.mat
  artifactKey: Guid(84a2b5a80e12d4340b0392ba4f7f1e01) Importer(815301076,1909f56bfc062723c751e8b465ee728b)
Start importing Assets/Autarca/AlienShipsPack/Materials/AlienFighterWhite.mat using Guid(84a2b5a80e12d4340b0392ba4f7f1e01) Importer(815301076,1909f56bfc062723c751e8b465ee728b)  -> (artifact id: '37016cee506f9f062300453737039e8c') in 0.031091 seconds
  Import took 0.044359 seconds .

========================================================================
Received Import Request.
  Time since last request: 0.002470 seconds.
  path: Assets/Autarca/AlienShipsPack/Materials/AlienFighterWhite.mat
  artifactKey: Guid(84a2b5a80e12d4340b0392ba4f7f1e01) Importer(815301076,1909f56bfc062723c751e8b465ee728b)
Start importing Assets/Autarca/AlienShipsPack/Materials/AlienFighterWhite.mat using Guid(84a2b5a80e12d4340b0392ba4f7f1e01) Importer(815301076,1909f56bfc062723c751e8b465ee728b)  -> (artifact id: '37016cee506f9f062300453737039e8c') in 0.027704 seconds
  Import took 0.033365 seconds .

========================================================================
Received Import Request.
  Time since last request: 33.818554 seconds.
  path: Assets/Autarca/AlienShipsPack/Textures/AlienFighter_AlbedoTransparency.png
  artifactKey: Guid(e83b7bc98faf995408607a4623add54d) Importer(815301076,1909f56bfc062723c751e8b465ee728b)
Start importing Assets/Autarca/AlienShipsPack/Textures/AlienFighter_AlbedoTransparency.png using Guid(e83b7bc98faf995408607a4623add54d) Importer(815301076,1909f56bfc062723c751e8b465ee728b)  -> (artifact id: '5a4c9d767b2f733429e22ecc9faad04b') in 0.124413 seconds
  Import took 0.140718 seconds .

========================================================================
Received Import Request.
  Time since last request: 0.000197 seconds.
  path: Assets/Autarca/AlienShipsPack/Textures/AlienFighterWhite_AlbedoTransparency.png
  artifactKey: Guid(63612e0375304704e91fc6d09d76a235) Importer(815301076,1909f56bfc062723c751e8b465ee728b)
Start importing Assets/Autarca/AlienShipsPack/Textures/AlienFighterWhite_AlbedoTransparency.png using Guid(63612e0375304704e91fc6d09d76a235) Importer(815301076,1909f56bfc062723c751e8b465ee728b)  -> (artifact id: 'f53c7c7cc3e3eedb551eb1aeb8ee1db6') in 0.023713 seconds
  Import took 0.040760 seconds .

========================================================================
Received Import Request.
  Time since last request: 0.000198 seconds.
  path: Assets/Autarca/AlienShipsPack/Textures/AlienFighter_AlbedoTransparency.png
  artifactKey: Guid(e83b7bc98faf995408607a4623add54d) Importer(815301076,1909f56bfc062723c751e8b465ee728b)
Start importing Assets/Autarca/AlienShipsPack/Textures/AlienFighter_AlbedoTransparency.png using Guid(e83b7bc98faf995408607a4623add54d) Importer(815301076,1909f56bfc062723c751e8b465ee728b)  -> (artifact id: '5a4c9d767b2f733429e22ecc9faad04b') in 0.019202 seconds
  Import took 0.025811 seconds .

========================================================================
Received Import Request.
  Time since last request: 0.000189 seconds.
  path: Assets/Autarca/AlienShipsPack/Textures/AlienFighterGreen_AlbedoTransparency.png
  artifactKey: Guid(dffee2b9725bf2d43936d1bbd407395b) Importer(815301076,1909f56bfc062723c751e8b465ee728b)
Start importing Assets/Autarca/AlienShipsPack/Textures/AlienFighterGreen_AlbedoTransparency.png using Guid(dffee2b9725bf2d43936d1bbd407395b) Importer(815301076,1909f56bfc062723c751e8b465ee728b)  -> (artifact id: 'ba49efad7236cb5791c3bf0971f50d83') in 0.017828 seconds
  Import took 0.030379 seconds .

========================================================================
Received Import Request.
  Time since last request: 0.000177 seconds.
  path: Assets/Autarca/AlienShipsPack/Textures/AlienFighter_Normal.png
  artifactKey: Guid(d08bd1eec578be94e81285c886fba45d) Importer(815301076,1909f56bfc062723c751e8b465ee728b)
Start importing Assets/Autarca/AlienShipsPack/Textures/AlienFighter_Normal.png using Guid(d08bd1eec578be94e81285c886fba45d) Importer(815301076,1909f56bfc062723c751e8b465ee728b)  -> (artifact id: '09cfc8b2a646557802594c04b7f64753') in 0.034187 seconds
  Import took 0.048751 seconds .

========================================================================
Received Import Request.
  Time since last request: 0.000177 seconds.
  path: Assets/Autarca/AlienShipsPack/Textures/AlienFighter_Emission.png
  artifactKey: Guid(10b1a16759359e84c8f0f9330ed7368c) Importer(815301076,1909f56bfc062723c751e8b465ee728b)
Start importing Assets/Autarca/AlienShipsPack/Textures/AlienFighter_Emission.png using Guid(10b1a16759359e84c8f0f9330ed7368c) Importer(815301076,1909f56bfc062723c751e8b465ee728b)  -> (artifact id: '68939e97e9461a6ec1754d8b86c0b1b6') in 0.014905 seconds
  Import took 0.033567 seconds .

========================================================================
Received Import Request.
  Time since last request: 0.000173 seconds.
  path: Assets/Autarca/AlienShipsPack/Textures/AlienFighter_MetallicSmoothness.png
  artifactKey: Guid(af6ae0c315d358047bd34f947b19908c) Importer(815301076,1909f56bfc062723c751e8b465ee728b)
Start importing Assets/Autarca/AlienShipsPack/Textures/AlienFighter_MetallicSmoothness.png using Guid(af6ae0c315d358047bd34f947b19908c) Importer(815301076,1909f56bfc062723c751e8b465ee728b)  -> (artifact id: '7c0509a792963ed20278e260e1c2f6a2') in 0.016932 seconds
  Import took 0.021598 seconds .

========================================================================
Received Import Request.
  Time since last request: 0.000186 seconds.
  path: Assets/Autarca/AlienShipsPack/Textures/AlienFighter_Emission.png
  artifactKey: Guid(10b1a16759359e84c8f0f9330ed7368c) Importer(815301076,1909f56bfc062723c751e8b465ee728b)
Start importing Assets/Autarca/AlienShipsPack/Textures/AlienFighter_Emission.png using Guid(10b1a16759359e84c8f0f9330ed7368c) Importer(815301076,1909f56bfc062723c751e8b465ee728b)  -> (artifact id: '68939e97e9461a6ec1754d8b86c0b1b6') in 0.011104 seconds
  Import took 0.016149 seconds .

========================================================================
Received Import Request.
  Time since last request: 0.000187 seconds.
  path: Assets/Autarca/AlienShipsPack/Textures/AlienFighter_MetallicSmoothness.png
  artifactKey: Guid(af6ae0c315d358047bd34f947b19908c) Importer(815301076,1909f56bfc062723c751e8b465ee728b)
Start importing Assets/Autarca/AlienShipsPack/Textures/AlienFighter_MetallicSmoothness.png using Guid(af6ae0c315d358047bd34f947b19908c) Importer(815301076,1909f56bfc062723c751e8b465ee728b)  -> (artifact id: '7c0509a792963ed20278e260e1c2f6a2') in 0.014177 seconds
  Import took 0.019457 seconds .

========================================================================
Received Import Request.
  Time since last request: 26.817868 seconds.
  path: Assets/Autarca/AlienShipsPack/Meshes/AlienFighter.fbx
  artifactKey: Guid(2e70299eae7fff74a9cfef859bc18b5a) Importer(815301076,1909f56bfc062723c751e8b465ee728b)
Start importing Assets/Autarca/AlienShipsPack/Meshes/AlienFighter.fbx using Guid(2e70299eae7fff74a9cfef859bc18b5a) Importer(815301076,1909f56bfc062723c751e8b465ee728b)  -> (artifact id: '205c1b736f3014f039eb302c77dfbecc') in 0.247057 seconds
  Import took 0.264138 seconds .

========================================================================
Received Import Request.
  Time since last request: 0.296828 seconds.
  path: Assets/Autarca/AlienShipsPack/Prefabs/AlienFighter.prefab
  artifactKey: Guid(6d18ca3ac0d2ecd4aa99a8099af486bb) Importer(815301076,1909f56bfc062723c751e8b465ee728b)
Start importing Assets/Autarca/AlienShipsPack/Prefabs/AlienFighter.prefab using Guid(6d18ca3ac0d2ecd4aa99a8099af486bb) Importer(815301076,1909f56bfc062723c751e8b465ee728b)  -> (artifact id: '0e50e91246ea2f39baac284b7f76339f') in 0.027266 seconds
  Import took 0.036670 seconds .

========================================================================
Received Import Request.
  Time since last request: 0.000267 seconds.
  path: Assets/Autarca/AlienShipsPack/Prefabs/AlienFighterWhite.prefab
  artifactKey: Guid(e18a33b201b7d4b41a22a039bc5602bb) Importer(815301076,1909f56bfc062723c751e8b465ee728b)
Start importing Assets/Autarca/AlienShipsPack/Prefabs/AlienFighterWhite.prefab using Guid(e18a33b201b7d4b41a22a039bc5602bb) Importer(815301076,1909f56bfc062723c751e8b465ee728b)  -> (artifact id: 'c74f6343d59586728ec55a161fac7707') in 0.024800 seconds
  Import took 0.034957 seconds .

========================================================================
Received Import Request.
  Time since last request: 0.000234 seconds.
  path: Assets/Autarca/AlienShipsPack/Prefabs/AlienFighterGreen.prefab
  artifactKey: Guid(adc8a98e73ca77a41b7d79a6beec2ccb) Importer(815301076,1909f56bfc062723c751e8b465ee728b)
Start importing Assets/Autarca/AlienShipsPack/Prefabs/AlienFighterGreen.prefab using Guid(adc8a98e73ca77a41b7d79a6beec2ccb) Importer(815301076,1909f56bfc062723c751e8b465ee728b)  -> (artifact id: '979ae3ae04c81d68b1c615fd7fd3bf94') in 0.026420 seconds
  Import took 0.031485 seconds .

========================================================================
Received Import Request.
  Time since last request: 794.865739 seconds.
  path: Assets/Materials/DissolveMaterial.mat
  artifactKey: Guid(727f9e5d22535cd4a95195f19844c97e) Importer(815301076,1909f56bfc062723c751e8b465ee728b)
Start importing Assets/Materials/DissolveMaterial.mat using Guid(727f9e5d22535cd4a95195f19844c97e) Importer(815301076,1909f56bfc062723c751e8b465ee728b)  -> (artifact id: '676d64e2294cf18e922d1292a75fe2a7') in 0.019233 seconds
  Import took 0.047905 seconds .

========================================================================
Received Import Request.
  Time since last request: 95.180820 seconds.
  path: Assets/Autarca/AlienShipsPack/Materials/AlienFighter.mat
  artifactKey: Guid(1a28d63c1672b9847915a31e7e342324) Importer(815301076,1909f56bfc062723c751e8b465ee728b)
Start importing Assets/Autarca/AlienShipsPack/Materials/AlienFighter.mat using Guid(1a28d63c1672b9847915a31e7e342324) Importer(815301076,1909f56bfc062723c751e8b465ee728b)  -> (artifact id: '7aaf6bcec9cecaed356d8498b2fce2a3') in 0.044886 seconds
  Import took 0.075432 seconds .

========================================================================
Received Import Request.
  Time since last request: 0.000280 seconds.
  path: Assets/Autarca/AlienShipsPack/Materials/AlienFighterGreen.mat
  artifactKey: Guid(bc3d169a8ef803d4abf078bc075e99e4) Importer(815301076,1909f56bfc062723c751e8b465ee728b)
Start importing Assets/Autarca/AlienShipsPack/Materials/AlienFighterGreen.mat using Guid(bc3d169a8ef803d4abf078bc075e99e4) Importer(815301076,1909f56bfc062723c751e8b465ee728b)  -> (artifact id: '5fccdb1987d53698ec7f5a65055a71c2') in 0.033724 seconds
  Import took 0.040393 seconds .

========================================================================
Received Import Request.
  Time since last request: 0.000300 seconds.
  path: Assets/Autarca/AlienShipsPack/Materials/AlienFighterWhite.mat
  artifactKey: Guid(84a2b5a80e12d4340b0392ba4f7f1e01) Importer(815301076,1909f56bfc062723c751e8b465ee728b)
Start importing Assets/Autarca/AlienShipsPack/Materials/AlienFighterWhite.mat using Guid(84a2b5a80e12d4340b0392ba4f7f1e01) Importer(815301076,1909f56bfc062723c751e8b465ee728b)  -> (artifact id: 'b8cc364d7e754de7fb36fa59a178f079') in 0.054176 seconds
  Import took 0.068130 seconds .

========================================================================
Received Import Request.
  Time since last request: 0.000170 seconds.
  path: Assets/Autarca/AlienShipsPack/Materials/AlienFighterGreen.mat
  artifactKey: Guid(bc3d169a8ef803d4abf078bc075e99e4) Importer(815301076,1909f56bfc062723c751e8b465ee728b)
Start importing Assets/Autarca/AlienShipsPack/Materials/AlienFighterGreen.mat using Guid(bc3d169a8ef803d4abf078bc075e99e4) Importer(815301076,1909f56bfc062723c751e8b465ee728b)  -> (artifact id: '5fccdb1987d53698ec7f5a65055a71c2') in 0.037422 seconds
  Import took 0.042286 seconds .

========================================================================
Received Import Request.
  Time since last request: 79.604161 seconds.
  path: Assets/Scripts/EnemySpawner.cs
  artifactKey: Guid(3f6095a0ee03e2f45ba4f018e5fad6e3) Importer(815301076,1909f56bfc062723c751e8b465ee728b)
Start importing Assets/Scripts/EnemySpawner.cs using Guid(3f6095a0ee03e2f45ba4f018e5fad6e3) Importer(815301076,1909f56bfc062723c751e8b465ee728b)  -> (artifact id: '572c103c8e979ff0f6f76cb77839eee7') in 0.026556 seconds
  Import took 0.037219 seconds .

========================================================================
Received Prepare
Registering precompiled user dll's ...
Registered in 0.001454 seconds.
Begin MonoManager ReloadAssembly
Native extension for WindowsStandalone target not found
Refreshing native plugins compatible for Editor in 0.47 ms, found 0 plugins.
Preloading 0 native plugins for Editor in 0.00 ms.
Invoked RoslynAnalysisRunner static constructor.
RoslynAnalysisRunner will not be running.
RoslynAnalysisRunner has terminated.
Mono: successfully reloaded assembly
- Completed reload, in  1.055 seconds
Platform modules already initialized, skipping
Shader 'Universal Render Pipeline/Particles/Lit': fallback shader 'Universal Render Pipeline/Particles/SimpleLit' not found
Refreshing native plugins compatible for Editor in 0.46 ms, found 0 plugins.
Preloading 0 native plugins for Editor in 0.00 ms.
Unloading 2316 Unused Serialized files (Serialized files now loaded: 0)
System memory in use before: 116.4 MB.
System memory in use after: 116.6 MB.

Unloading 5 unused Assets to reduce memory usage. Loaded Objects now: 2980.
Total: 2.316700 ms (FindLiveObjects: 0.222900 ms CreateObjectMapping: 0.107200 ms MarkObjects: 1.936900 ms  DeleteObjects: 0.048900 ms)

========================================================================
Received Prepare
Registering precompiled user dll's ...
Registered in 0.001451 seconds.
Begin MonoManager ReloadAssembly
Native extension for WindowsStandalone target not found
Refreshing native plugins compatible for Editor in 0.54 ms, found 0 plugins.
Preloading 0 native plugins for Editor in 0.00 ms.
Invoked RoslynAnalysisRunner static constructor.
RoslynAnalysisRunner will not be running.
RoslynAnalysisRunner has terminated.
Mono: successfully reloaded assembly
- Completed reload, in  1.067 seconds
Platform modules already initialized, skipping
Shader 'Universal Render Pipeline/Particles/Lit': fallback shader 'Universal Render Pipeline/Particles/SimpleLit' not found
Refreshing native plugins compatible for Editor in 0.47 ms, found 0 plugins.
Preloading 0 native plugins for Editor in 0.00 ms.
Unloading 2316 Unused Serialized files (Serialized files now loaded: 0)
System memory in use before: 116.4 MB.
System memory in use after: 116.6 MB.

Unloading 5 unused Assets to reduce memory usage. Loaded Objects now: 2983.
Total: 2.916600 ms (FindLiveObjects: 0.253900 ms CreateObjectMapping: 0.112100 ms MarkObjects: 2.526300 ms  DeleteObjects: 0.022900 ms)

========================================================================
Received Prepare
Registering precompiled user dll's ...
Registered in 0.001483 seconds.
Begin MonoManager ReloadAssembly
Native extension for WindowsStandalone target not found
Refreshing native plugins compatible for Editor in 0.44 ms, found 0 plugins.
Preloading 0 native plugins for Editor in 0.00 ms.
Invoked RoslynAnalysisRunner static constructor.
RoslynAnalysisRunner will not be running.
RoslynAnalysisRunner has terminated.
Mono: successfully reloaded assembly
- Completed reload, in  1.053 seconds
Platform modules already initialized, skipping
Shader 'Universal Render Pipeline/Particles/Lit': fallback shader 'Universal Render Pipeline/Particles/SimpleLit' not found
Refreshing native plugins compatible for Editor in 0.49 ms, found 0 plugins.
Preloading 0 native plugins for Editor in 0.00 ms.
Unloading 2316 Unused Serialized files (Serialized files now loaded: 0)
System memory in use before: 116.4 MB.
System memory in use after: 116.7 MB.

Unloading 5 unused Assets to reduce memory usage. Loaded Objects now: 2986.
Total: 2.242500 ms (FindLiveObjects: 0.243400 ms CreateObjectMapping: 0.109600 ms MarkObjects: 1.870600 ms  DeleteObjects: 0.018000 ms)

========================================================================
Received Prepare
Registering precompiled user dll's ...
Registered in 0.001513 seconds.
Begin MonoManager ReloadAssembly
Native extension for WindowsStandalone target not found
Refreshing native plugins compatible for Editor in 0.44 ms, found 0 plugins.
Preloading 0 native plugins for Editor in 0.00 ms.
Invoked RoslynAnalysisRunner static constructor.
RoslynAnalysisRunner will not be running.
RoslynAnalysisRunner has terminated.
Mono: successfully reloaded assembly
- Completed reload, in  1.013 seconds
Platform modules already initialized, skipping
Shader 'Universal Render Pipeline/Particles/Lit': fallback shader 'Universal Render Pipeline/Particles/SimpleLit' not found
Refreshing native plugins compatible for Editor in 0.45 ms, found 0 plugins.
Preloading 0 native plugins for Editor in 0.00 ms.
Unloading 2316 Unused Serialized files (Serialized files now loaded: 0)
System memory in use before: 116.5 MB.
System memory in use after: 116.7 MB.

Unloading 5 unused Assets to reduce memory usage. Loaded Objects now: 2989.
Total: 2.531200 ms (FindLiveObjects: 0.274900 ms CreateObjectMapping: 0.113400 ms MarkObjects: 2.118800 ms  DeleteObjects: 0.022900 ms)

========================================================================
Received Prepare
Registering precompiled user dll's ...
Registered in 0.001413 seconds.
Begin MonoManager ReloadAssembly
Native extension for WindowsStandalone target not found
Refreshing native plugins compatible for Editor in 0.61 ms, found 0 plugins.
Preloading 0 native plugins for Editor in 0.00 ms.
Invoked RoslynAnalysisRunner static constructor.
RoslynAnalysisRunner will not be running.
RoslynAnalysisRunner has terminated.
Mono: successfully reloaded assembly
- Completed reload, in  1.040 seconds
Platform modules already initialized, skipping
Shader 'Universal Render Pipeline/Particles/Lit': fallback shader 'Universal Render Pipeline/Particles/SimpleLit' not found
Refreshing native plugins compatible for Editor in 0.46 ms, found 0 plugins.
Preloading 0 native plugins for Editor in 0.00 ms.
Unloading 2316 Unused Serialized files (Serialized files now loaded: 0)
System memory in use before: 116.4 MB.
System memory in use after: 116.6 MB.

Unloading 5 unused Assets to reduce memory usage. Loaded Objects now: 2992.
Total: 2.515000 ms (FindLiveObjects: 0.296300 ms CreateObjectMapping: 0.121500 ms MarkObjects: 2.076300 ms  DeleteObjects: 0.019800 ms)

========================================================================
Received Prepare
Registering precompiled user dll's ...
Registered in 0.001440 seconds.
Begin MonoManager ReloadAssembly
Native extension for WindowsStandalone target not found
Refreshing native plugins compatible for Editor in 0.46 ms, found 0 plugins.
Preloading 0 native plugins for Editor in 0.00 ms.
Invoked RoslynAnalysisRunner static constructor.
RoslynAnalysisRunner will not be running.
RoslynAnalysisRunner has terminated.
Mono: successfully reloaded assembly
- Completed reload, in  1.128 seconds
Platform modules already initialized, skipping
Shader 'Universal Render Pipeline/Particles/Lit': fallback shader 'Universal Render Pipeline/Particles/SimpleLit' not found
Refreshing native plugins compatible for Editor in 0.50 ms, found 0 plugins.
Preloading 0 native plugins for Editor in 0.00 ms.
Unloading 2316 Unused Serialized files (Serialized files now loaded: 0)
System memory in use before: 116.5 MB.
System memory in use after: 116.7 MB.

Unloading 5 unused Assets to reduce memory usage. Loaded Objects now: 2995.
Total: 2.282200 ms (FindLiveObjects: 0.264200 ms CreateObjectMapping: 0.108500 ms MarkObjects: 1.894200 ms  DeleteObjects: 0.014500 ms)

========================================================================
Received Prepare
Registering precompiled user dll's ...
Registered in 0.001607 seconds.
Begin MonoManager ReloadAssembly
Native extension for WindowsStandalone target not found
Refreshing native plugins compatible for Editor in 0.46 ms, found 0 plugins.
Preloading 0 native plugins for Editor in 0.00 ms.
Invoked RoslynAnalysisRunner static constructor.
RoslynAnalysisRunner will not be running.
RoslynAnalysisRunner has terminated.
Mono: successfully reloaded assembly
- Completed reload, in  1.104 seconds
Platform modules already initialized, skipping
Shader 'Universal Render Pipeline/Particles/Lit': fallback shader 'Universal Render Pipeline/Particles/SimpleLit' not found
Refreshing native plugins compatible for Editor in 0.45 ms, found 0 plugins.
Preloading 0 native plugins for Editor in 0.00 ms.
Unloading 2316 Unused Serialized files (Serialized files now loaded: 0)
System memory in use before: 116.5 MB.
System memory in use after: 116.7 MB.

Unloading 5 unused Assets to reduce memory usage. Loaded Objects now: 2998.
Total: 3.162500 ms (FindLiveObjects: 0.320200 ms CreateObjectMapping: 0.151300 ms MarkObjects: 2.669400 ms  DeleteObjects: 0.020400 ms)

========================================================================
Received Prepare
Registering precompiled user dll's ...
Registered in 0.001468 seconds.
Begin MonoManager ReloadAssembly
Native extension for WindowsStandalone target not found
Refreshing native plugins compatible for Editor in 0.49 ms, found 0 plugins.
Preloading 0 native plugins for Editor in 0.00 ms.
Invoked RoslynAnalysisRunner static constructor.
RoslynAnalysisRunner will not be running.
RoslynAnalysisRunner has terminated.
Mono: successfully reloaded assembly
- Completed reload, in  1.040 seconds
Platform modules already initialized, skipping
Shader 'Universal Render Pipeline/Particles/Lit': fallback shader 'Universal Render Pipeline/Particles/SimpleLit' not found
Refreshing native plugins compatible for Editor in 0.53 ms, found 0 plugins.
Preloading 0 native plugins for Editor in 0.00 ms.
Unloading 2316 Unused Serialized files (Serialized files now loaded: 0)
System memory in use before: 116.5 MB.
System memory in use after: 116.7 MB.

Unloading 5 unused Assets to reduce memory usage. Loaded Objects now: 3001.
Total: 2.273700 ms (FindLiveObjects: 0.253100 ms CreateObjectMapping: 0.117400 ms MarkObjects: 1.883600 ms  DeleteObjects: 0.018400 ms)

========================================================================
Received Prepare
Registering precompiled user dll's ...
Registered in 0.001513 seconds.
Begin MonoManager ReloadAssembly
Native extension for WindowsStandalone target not found
Refreshing native plugins compatible for Editor in 0.67 ms, found 0 plugins.
Preloading 0 native plugins for Editor in 0.00 ms.
Invoked RoslynAnalysisRunner static constructor.
RoslynAnalysisRunner will not be running.
RoslynAnalysisRunner has terminated.
Mono: successfully reloaded assembly
- Completed reload, in  1.053 seconds
Platform modules already initialized, skipping
Shader 'Universal Render Pipeline/Particles/Lit': fallback shader 'Universal Render Pipeline/Particles/SimpleLit' not found
Refreshing native plugins compatible for Editor in 0.45 ms, found 0 plugins.
Preloading 0 native plugins for Editor in 0.00 ms.
Unloading 2316 Unused Serialized files (Serialized files now loaded: 0)
System memory in use before: 116.5 MB.
System memory in use after: 116.7 MB.

Unloading 5 unused Assets to reduce memory usage. Loaded Objects now: 3004.
Total: 3.359000 ms (FindLiveObjects: 0.650800 ms CreateObjectMapping: 0.395600 ms MarkObjects: 2.294600 ms  DeleteObjects: 0.017000 ms)

========================================================================
Received Prepare
Registering precompiled user dll's ...
Registered in 0.001432 seconds.
Begin MonoManager ReloadAssembly
Native extension for WindowsStandalone target not found
Refreshing native plugins compatible for Editor in 0.46 ms, found 0 plugins.
Preloading 0 native plugins for Editor in 0.00 ms.
Invoked RoslynAnalysisRunner static constructor.
RoslynAnalysisRunner will not be running.
RoslynAnalysisRunner has terminated.
Mono: successfully reloaded assembly
- Completed reload, in  1.065 seconds
Platform modules already initialized, skipping
Shader 'Universal Render Pipeline/Particles/Lit': fallback shader 'Universal Render Pipeline/Particles/SimpleLit' not found
Refreshing native plugins compatible for Editor in 0.46 ms, found 0 plugins.
Preloading 0 native plugins for Editor in 0.00 ms.
Unloading 2316 Unused Serialized files (Serialized files now loaded: 0)
System memory in use before: 116.4 MB.
System memory in use after: 116.6 MB.

Unloading 5 unused Assets to reduce memory usage. Loaded Objects now: 3007.
Total: 3.122100 ms (FindLiveObjects: 0.369300 ms CreateObjectMapping: 0.265500 ms MarkObjects: 2.460200 ms  DeleteObjects: 0.025700 ms)

========================================================================
Received Prepare
Registering precompiled user dll's ...
Registered in 0.001408 seconds.
Begin MonoManager ReloadAssembly
Native extension for WindowsStandalone target not found
Refreshing native plugins compatible for Editor in 0.47 ms, found 0 plugins.
Preloading 0 native plugins for Editor in 0.00 ms.
Invoked RoslynAnalysisRunner static constructor.
RoslynAnalysisRunner will not be running.
RoslynAnalysisRunner has terminated.
Mono: successfully reloaded assembly
- Completed reload, in  1.113 seconds
Platform modules already initialized, skipping
Shader 'Universal Render Pipeline/Particles/Lit': fallback shader 'Universal Render Pipeline/Particles/SimpleLit' not found
Refreshing native plugins compatible for Editor in 0.44 ms, found 0 plugins.
Preloading 0 native plugins for Editor in 0.00 ms.
Unloading 2316 Unused Serialized files (Serialized files now loaded: 0)
System memory in use before: 116.5 MB.
System memory in use after: 116.7 MB.

Unloading 5 unused Assets to reduce memory usage. Loaded Objects now: 3010.
Total: 2.923200 ms (FindLiveObjects: 0.296800 ms CreateObjectMapping: 0.137800 ms MarkObjects: 2.424700 ms  DeleteObjects: 0.062000 ms)

========================================================================
Received Prepare
Registering precompiled user dll's ...
Registered in 0.001800 seconds.
Begin MonoManager ReloadAssembly
Native extension for WindowsStandalone target not found
Refreshing native plugins compatible for Editor in 0.52 ms, found 0 plugins.
Preloading 0 native plugins for Editor in 0.00 ms.
Invoked RoslynAnalysisRunner static constructor.
RoslynAnalysisRunner will not be running.
RoslynAnalysisRunner has terminated.
Mono: successfully reloaded assembly
- Completed reload, in  1.044 seconds
Platform modules already initialized, skipping
Shader 'Universal Render Pipeline/Particles/Lit': fallback shader 'Universal Render Pipeline/Particles/SimpleLit' not found
Refreshing native plugins compatible for Editor in 0.46 ms, found 0 plugins.
Preloading 0 native plugins for Editor in 0.00 ms.
Unloading 2316 Unused Serialized files (Serialized files now loaded: 0)
System memory in use before: 116.5 MB.
System memory in use after: 116.7 MB.

Unloading 5 unused Assets to reduce memory usage. Loaded Objects now: 3013.
Total: 2.378400 ms (FindLiveObjects: 0.279600 ms CreateObjectMapping: 0.115300 ms MarkObjects: 1.964400 ms  DeleteObjects: 0.017900 ms)

========================================================================
Received Prepare
Registering precompiled user dll's ...
Registered in 0.001581 seconds.
Begin MonoManager ReloadAssembly
Native extension for WindowsStandalone target not found
Refreshing native plugins compatible for Editor in 0.45 ms, found 0 plugins.
Preloading 0 native plugins for Editor in 0.00 ms.
Invoked RoslynAnalysisRunner static constructor.
RoslynAnalysisRunner will not be running.
RoslynAnalysisRunner has terminated.
Mono: successfully reloaded assembly
- Completed reload, in  1.050 seconds
Platform modules already initialized, skipping
Shader 'Universal Render Pipeline/Particles/Lit': fallback shader 'Universal Render Pipeline/Particles/SimpleLit' not found
Refreshing native plugins compatible for Editor in 0.48 ms, found 0 plugins.
Preloading 0 native plugins for Editor in 0.00 ms.
Unloading 2316 Unused Serialized files (Serialized files now loaded: 0)
System memory in use before: 116.5 MB.
System memory in use after: 116.7 MB.

Unloading 5 unused Assets to reduce memory usage. Loaded Objects now: 3016.
Total: 3.072800 ms (FindLiveObjects: 0.388100 ms CreateObjectMapping: 0.253300 ms MarkObjects: 2.410400 ms  DeleteObjects: 0.019500 ms)

========================================================================
Received Prepare
Registering precompiled user dll's ...
Registered in 0.001796 seconds.
Begin MonoManager ReloadAssembly
Native extension for WindowsStandalone target not found
Refreshing native plugins compatible for Editor in 0.45 ms, found 0 plugins.
Preloading 0 native plugins for Editor in 0.00 ms.
Invoked RoslynAnalysisRunner static constructor.
RoslynAnalysisRunner will not be running.
RoslynAnalysisRunner has terminated.
Mono: successfully reloaded assembly
- Completed reload, in  1.056 seconds
Platform modules already initialized, skipping
Shader 'Universal Render Pipeline/Particles/Lit': fallback shader 'Universal Render Pipeline/Particles/SimpleLit' not found
Refreshing native plugins compatible for Editor in 0.52 ms, found 0 plugins.
Preloading 0 native plugins for Editor in 0.00 ms.
Unloading 2316 Unused Serialized files (Serialized files now loaded: 0)
System memory in use before: 116.5 MB.
System memory in use after: 116.8 MB.

Unloading 5 unused Assets to reduce memory usage. Loaded Objects now: 3019.
Total: 2.881800 ms (FindLiveObjects: 0.335100 ms CreateObjectMapping: 0.218700 ms MarkObjects: 2.310100 ms  DeleteObjects: 0.016700 ms)

========================================================================
Received Prepare
Registering precompiled user dll's ...
Registered in 0.001423 seconds.
Begin MonoManager ReloadAssembly
Native extension for WindowsStandalone target not found
Refreshing native plugins compatible for Editor in 0.49 ms, found 0 plugins.
Preloading 0 native plugins for Editor in 0.00 ms.
Invoked RoslynAnalysisRunner static constructor.
RoslynAnalysisRunner will not be running.
RoslynAnalysisRunner has terminated.
Mono: successfully reloaded assembly
- Completed reload, in  1.111 seconds
Platform modules already initialized, skipping
Shader 'Universal Render Pipeline/Particles/Lit': fallback shader 'Universal Render Pipeline/Particles/SimpleLit' not found
Refreshing native plugins compatible for Editor in 0.47 ms, found 0 plugins.
Preloading 0 native plugins for Editor in 0.00 ms.
Unloading 2316 Unused Serialized files (Serialized files now loaded: 0)
System memory in use before: 116.4 MB.
System memory in use after: 116.7 MB.

Unloading 5 unused Assets to reduce memory usage. Loaded Objects now: 3022.
Total: 3.766900 ms (FindLiveObjects: 0.328900 ms CreateObjectMapping: 0.156500 ms MarkObjects: 3.258700 ms  DeleteObjects: 0.021100 ms)

========================================================================
Received Prepare
Registering precompiled user dll's ...
Registered in 0.001478 seconds.
Begin MonoManager ReloadAssembly
Native extension for WindowsStandalone target not found
Refreshing native plugins compatible for Editor in 0.47 ms, found 0 plugins.
Preloading 0 native plugins for Editor in 0.00 ms.
Invoked RoslynAnalysisRunner static constructor.
RoslynAnalysisRunner will not be running.
RoslynAnalysisRunner has terminated.
Mono: successfully reloaded assembly
- Completed reload, in  1.056 seconds
Platform modules already initialized, skipping
Shader 'Universal Render Pipeline/Particles/Lit': fallback shader 'Universal Render Pipeline/Particles/SimpleLit' not found
Refreshing native plugins compatible for Editor in 0.49 ms, found 0 plugins.
Preloading 0 native plugins for Editor in 0.00 ms.
Unloading 2316 Unused Serialized files (Serialized files now loaded: 0)
System memory in use before: 116.5 MB.
System memory in use after: 116.8 MB.

Unloading 5 unused Assets to reduce memory usage. Loaded Objects now: 3025.
Total: 2.375200 ms (FindLiveObjects: 0.257600 ms CreateObjectMapping: 0.113300 ms MarkObjects: 1.986100 ms  DeleteObjects: 0.017100 ms)

========================================================================
Received Prepare
Registering precompiled user dll's ...
Registered in 0.001425 seconds.
Begin MonoManager ReloadAssembly
Native extension for WindowsStandalone target not found
Refreshing native plugins compatible for Editor in 0.47 ms, found 0 plugins.
Preloading 0 native plugins for Editor in 0.00 ms.
Invoked RoslynAnalysisRunner static constructor.
RoslynAnalysisRunner will not be running.
RoslynAnalysisRunner has terminated.
Mono: successfully reloaded assembly
- Completed reload, in  1.354 seconds
Platform modules already initialized, skipping
Shader 'Universal Render Pipeline/Particles/Lit': fallback shader 'Universal Render Pipeline/Particles/SimpleLit' not found
Refreshing native plugins compatible for Editor in 0.46 ms, found 0 plugins.
Preloading 0 native plugins for Editor in 0.00 ms.
Unloading 2316 Unused Serialized files (Serialized files now loaded: 0)
System memory in use before: 116.6 MB.
System memory in use after: 116.8 MB.

Unloading 5 unused Assets to reduce memory usage. Loaded Objects now: 3028.
Total: 2.770300 ms (FindLiveObjects: 0.289400 ms CreateObjectMapping: 0.130200 ms MarkObjects: 2.330800 ms  DeleteObjects: 0.018300 ms)

========================================================================
Received Prepare
Registering precompiled user dll's ...
Registered in 0.001408 seconds.
Begin MonoManager ReloadAssembly
Native extension for WindowsStandalone target not found
Refreshing native plugins compatible for Editor in 0.47 ms, found 0 plugins.
Preloading 0 native plugins for Editor in 0.00 ms.
Invoked RoslynAnalysisRunner static constructor.
RoslynAnalysisRunner will not be running.
RoslynAnalysisRunner has terminated.
Mono: successfully reloaded assembly
- Completed reload, in  1.023 seconds
Platform modules already initialized, skipping
Shader 'Universal Render Pipeline/Particles/Lit': fallback shader 'Universal Render Pipeline/Particles/SimpleLit' not found
Refreshing native plugins compatible for Editor in 0.43 ms, found 0 plugins.
Preloading 0 native plugins for Editor in 0.00 ms.
Unloading 2316 Unused Serialized files (Serialized files now loaded: 0)
System memory in use before: 116.6 MB.
System memory in use after: 116.8 MB.

Unloading 5 unused Assets to reduce memory usage. Loaded Objects now: 3031.
Total: 2.226100 ms (FindLiveObjects: 0.241000 ms CreateObjectMapping: 0.111200 ms MarkObjects: 1.858300 ms  DeleteObjects: 0.014500 ms)

========================================================================
Received Prepare
Registering precompiled user dll's ...
Registered in 0.001851 seconds.
Begin MonoManager ReloadAssembly
Native extension for WindowsStandalone target not found
Refreshing native plugins compatible for Editor in 0.46 ms, found 0 plugins.
Preloading 0 native plugins for Editor in 0.00 ms.
Invoked RoslynAnalysisRunner static constructor.
RoslynAnalysisRunner will not be running.
RoslynAnalysisRunner has terminated.
Mono: successfully reloaded assembly
- Completed reload, in  1.065 seconds
Platform modules already initialized, skipping
Shader 'Universal Render Pipeline/Particles/Lit': fallback shader 'Universal Render Pipeline/Particles/SimpleLit' not found
Refreshing native plugins compatible for Editor in 0.45 ms, found 0 plugins.
Preloading 0 native plugins for Editor in 0.00 ms.
Unloading 2316 Unused Serialized files (Serialized files now loaded: 0)
System memory in use before: 116.6 MB.
System memory in use after: 116.8 MB.

Unloading 5 unused Assets to reduce memory usage. Loaded Objects now: 3034.
Total: 2.785500 ms (FindLiveObjects: 0.283000 ms CreateObjectMapping: 0.115500 ms MarkObjects: 2.365600 ms  DeleteObjects: 0.019900 ms)

========================================================================
Received Prepare
Registering precompiled user dll's ...
Registered in 0.001512 seconds.
Begin MonoManager ReloadAssembly
Native extension for WindowsStandalone target not found
Refreshing native plugins compatible for Editor in 0.65 ms, found 0 plugins.
Preloading 0 native plugins for Editor in 0.00 ms.
Invoked RoslynAnalysisRunner static constructor.
RoslynAnalysisRunner will not be running.
RoslynAnalysisRunner has terminated.
Mono: successfully reloaded assembly
- Completed reload, in  1.059 seconds
Platform modules already initialized, skipping
Shader 'Universal Render Pipeline/Particles/Lit': fallback shader 'Universal Render Pipeline/Particles/SimpleLit' not found
Refreshing native plugins compatible for Editor in 0.46 ms, found 0 plugins.
Preloading 0 native plugins for Editor in 0.00 ms.
Unloading 2316 Unused Serialized files (Serialized files now loaded: 0)
System memory in use before: 116.5 MB.
System memory in use after: 116.7 MB.

Unloading 5 unused Assets to reduce memory usage. Loaded Objects now: 3037.
Total: 3.843200 ms (FindLiveObjects: 0.277700 ms CreateObjectMapping: 0.130100 ms MarkObjects: 3.415900 ms  DeleteObjects: 0.018300 ms)

========================================================================
Received Prepare
Registering precompiled user dll's ...
Registered in 0.001448 seconds.
Begin MonoManager ReloadAssembly
Native extension for WindowsStandalone target not found
Refreshing native plugins compatible for Editor in 0.46 ms, found 0 plugins.
Preloading 0 native plugins for Editor in 0.00 ms.
Invoked RoslynAnalysisRunner static constructor.
RoslynAnalysisRunner will not be running.
RoslynAnalysisRunner has terminated.
Mono: successfully reloaded assembly
- Completed reload, in  1.074 seconds
Platform modules already initialized, skipping
Shader 'Universal Render Pipeline/Particles/Lit': fallback shader 'Universal Render Pipeline/Particles/SimpleLit' not found
Refreshing native plugins compatible for Editor in 0.52 ms, found 0 plugins.
Preloading 0 native plugins for Editor in 0.00 ms.
Unloading 2316 Unused Serialized files (Serialized files now loaded: 0)
System memory in use before: 116.6 MB.
System memory in use after: 116.8 MB.

Unloading 5 unused Assets to reduce memory usage. Loaded Objects now: 3040.
Total: 2.408400 ms (FindLiveObjects: 0.305300 ms CreateObjectMapping: 0.148800 ms MarkObjects: 1.938700 ms  DeleteObjects: 0.014900 ms)

========================================================================
Received Prepare
Registering precompiled user dll's ...
Registered in 0.001758 seconds.
Begin MonoManager ReloadAssembly
Native extension for WindowsStandalone target not found
Refreshing native plugins compatible for Editor in 0.45 ms, found 0 plugins.
Preloading 0 native plugins for Editor in 0.00 ms.
Invoked RoslynAnalysisRunner static constructor.
RoslynAnalysisRunner will not be running.
RoslynAnalysisRunner has terminated.
Mono: successfully reloaded assembly
- Completed reload, in  1.035 seconds
Platform modules already initialized, skipping
Shader 'Universal Render Pipeline/Particles/Lit': fallback shader 'Universal Render Pipeline/Particles/SimpleLit' not found
Refreshing native plugins compatible for Editor in 0.45 ms, found 0 plugins.
Preloading 0 native plugins for Editor in 0.00 ms.
Unloading 2316 Unused Serialized files (Serialized files now loaded: 0)
System memory in use before: 116.6 MB.
System memory in use after: 116.8 MB.

Unloading 5 unused Assets to reduce memory usage. Loaded Objects now: 3043.
Total: 2.510300 ms (FindLiveObjects: 0.285700 ms CreateObjectMapping: 0.115000 ms MarkObjects: 2.088700 ms  DeleteObjects: 0.019300 ms)

========================================================================
Received Prepare
Registering precompiled user dll's ...
Registered in 0.001588 seconds.
Begin MonoManager ReloadAssembly
Native extension for WindowsStandalone target not found
Refreshing native plugins compatible for Editor in 0.50 ms, found 0 plugins.
Preloading 0 native plugins for Editor in 0.00 ms.
Invoked RoslynAnalysisRunner static constructor.
RoslynAnalysisRunner will not be running.
RoslynAnalysisRunner has terminated.
Mono: successfully reloaded assembly
- Completed reload, in  1.057 seconds
Platform modules already initialized, skipping
Shader 'Universal Render Pipeline/Particles/Lit': fallback shader 'Universal Render Pipeline/Particles/SimpleLit' not found
Refreshing native plugins compatible for Editor in 0.44 ms, found 0 plugins.
Preloading 0 native plugins for Editor in 0.00 ms.
Unloading 2316 Unused Serialized files (Serialized files now loaded: 0)
System memory in use before: 116.6 MB.
System memory in use after: 116.8 MB.

Unloading 5 unused Assets to reduce memory usage. Loaded Objects now: 3046.
Total: 2.894100 ms (FindLiveObjects: 0.308600 ms CreateObjectMapping: 0.219800 ms MarkObjects: 2.339200 ms  DeleteObjects: 0.025500 ms)

========================================================================
Received Prepare
Registering precompiled user dll's ...
Registered in 0.001870 seconds.
Begin MonoManager ReloadAssembly
Native extension for WindowsStandalone target not found
Refreshing native plugins compatible for Editor in 0.49 ms, found 0 plugins.
Preloading 0 native plugins for Editor in 0.00 ms.
Invoked RoslynAnalysisRunner static constructor.
RoslynAnalysisRunner will not be running.
RoslynAnalysisRunner has terminated.
Mono: successfully reloaded assembly
- Completed reload, in  1.129 seconds
Platform modules already initialized, skipping
Shader 'Universal Render Pipeline/Particles/Lit': fallback shader 'Universal Render Pipeline/Particles/SimpleLit' not found
Refreshing native plugins compatible for Editor in 0.43 ms, found 0 plugins.
Preloading 0 native plugins for Editor in 0.00 ms.
Unloading 2316 Unused Serialized files (Serialized files now loaded: 0)
System memory in use before: 116.6 MB.
System memory in use after: 116.8 MB.

Unloading 5 unused Assets to reduce memory usage. Loaded Objects now: 3049.
Total: 3.763200 ms (FindLiveObjects: 0.557600 ms CreateObjectMapping: 0.196800 ms MarkObjects: 2.980600 ms  DeleteObjects: 0.026800 ms)

========================================================================
Received Import Request.
  Time since last request: 1458.407093 seconds.
  path: Assets/Shader/DissolveShader.ShaderGraph
  artifactKey: Guid(f60b00c9668d7fa40af6c20a649abbea) Importer(815301076,1909f56bfc062723c751e8b465ee728b)
Start importing Assets/Shader/DissolveShader.ShaderGraph using Guid(f60b00c9668d7fa40af6c20a649abbea) Importer(815301076,1909f56bfc062723c751e8b465ee728b)  -> (artifact id: '9236a54c3aa2ce23f39b60cf2be7d426') in 0.020276 seconds
  Import took 0.038963 seconds .

========================================================================
Received Prepare
Registering precompiled user dll's ...
Registered in 0.001434 seconds.
Begin MonoManager ReloadAssembly
Native extension for WindowsStandalone target not found
Refreshing native plugins compatible for Editor in 0.47 ms, found 0 plugins.
Preloading 0 native plugins for Editor in 0.00 ms.
Invoked RoslynAnalysisRunner static constructor.
RoslynAnalysisRunner will not be running.
RoslynAnalysisRunner has terminated.
Mono: successfully reloaded assembly
- Completed reload, in  1.161 seconds
Platform modules already initialized, skipping
Shader 'Universal Render Pipeline/Particles/Lit': fallback shader 'Universal Render Pipeline/Particles/SimpleLit' not found
Refreshing native plugins compatible for Editor in 0.46 ms, found 0 plugins.
Preloading 0 native plugins for Editor in 0.00 ms.
Unloading 2316 Unused Serialized files (Serialized files now loaded: 0)
System memory in use before: 116.5 MB.
System memory in use after: 116.7 MB.

Unloading 5 unused Assets to reduce memory usage. Loaded Objects now: 3052.
Total: 2.334100 ms (FindLiveObjects: 0.270900 ms CreateObjectMapping: 0.109400 ms MarkObjects: 1.924200 ms  DeleteObjects: 0.028600 ms)

========================================================================
Received Prepare
Registering precompiled user dll's ...
Registered in 0.001641 seconds.
Begin MonoManager ReloadAssembly
Native extension for WindowsStandalone target not found
Refreshing native plugins compatible for Editor in 0.45 ms, found 0 plugins.
Preloading 0 native plugins for Editor in 0.00 ms.
Invoked RoslynAnalysisRunner static constructor.
RoslynAnalysisRunner will not be running.
RoslynAnalysisRunner has terminated.
Mono: successfully reloaded assembly
- Completed reload, in  1.047 seconds
Platform modules already initialized, skipping
Shader 'Universal Render Pipeline/Particles/Lit': fallback shader 'Universal Render Pipeline/Particles/SimpleLit' not found
Refreshing native plugins compatible for Editor in 0.47 ms, found 0 plugins.
Preloading 0 native plugins for Editor in 0.00 ms.
Unloading 2316 Unused Serialized files (Serialized files now loaded: 0)
System memory in use before: 116.6 MB.
System memory in use after: 116.8 MB.

Unloading 5 unused Assets to reduce memory usage. Loaded Objects now: 3055.
Total: 2.346500 ms (FindLiveObjects: 0.327700 ms CreateObjectMapping: 0.122700 ms MarkObjects: 1.879400 ms  DeleteObjects: 0.015700 ms)

========================================================================
Received Prepare
Registering precompiled user dll's ...
Registered in 0.001806 seconds.
Begin MonoManager ReloadAssembly
Native extension for WindowsStandalone target not found
Refreshing native plugins compatible for Editor in 0.67 ms, found 0 plugins.
Preloading 0 native plugins for Editor in 0.00 ms.
Invoked RoslynAnalysisRunner static constructor.
RoslynAnalysisRunner will not be running.
RoslynAnalysisRunner has terminated.
Mono: successfully reloaded assembly
- Completed reload, in  1.165 seconds
Platform modules already initialized, skipping
Shader 'Universal Render Pipeline/Particles/Lit': fallback shader 'Universal Render Pipeline/Particles/SimpleLit' not found
Refreshing native plugins compatible for Editor in 0.43 ms, found 0 plugins.
Preloading 0 native plugins for Editor in 0.00 ms.
Unloading 2316 Unused Serialized files (Serialized files now loaded: 0)
System memory in use before: 116.6 MB.
System memory in use after: 116.8 MB.

Unloading 5 unused Assets to reduce memory usage. Loaded Objects now: 3058.
Total: 2.432600 ms (FindLiveObjects: 0.241900 ms CreateObjectMapping: 0.109100 ms MarkObjects: 2.054700 ms  DeleteObjects: 0.026200 ms)

========================================================================
Received Prepare
Registering precompiled user dll's ...
Registered in 0.001923 seconds.
Begin MonoManager ReloadAssembly
Native extension for WindowsStandalone target not found
Refreshing native plugins compatible for Editor in 0.49 ms, found 0 plugins.
Preloading 0 native plugins for Editor in 0.00 ms.
Invoked RoslynAnalysisRunner static constructor.
RoslynAnalysisRunner will not be running.
RoslynAnalysisRunner has terminated.
Mono: successfully reloaded assembly
- Completed reload, in  1.061 seconds
Platform modules already initialized, skipping
Shader 'Universal Render Pipeline/Particles/Lit': fallback shader 'Universal Render Pipeline/Particles/SimpleLit' not found
Refreshing native plugins compatible for Editor in 0.45 ms, found 0 plugins.
Preloading 0 native plugins for Editor in 0.00 ms.
Unloading 2316 Unused Serialized files (Serialized files now loaded: 0)
System memory in use before: 116.6 MB.
System memory in use after: 116.8 MB.

Unloading 5 unused Assets to reduce memory usage. Loaded Objects now: 3061.
Total: 2.861400 ms (FindLiveObjects: 0.352500 ms CreateObjectMapping: 0.178800 ms MarkObjects: 2.307800 ms  DeleteObjects: 0.021000 ms)

========================================================================
Received Prepare
Registering precompiled user dll's ...
Registered in 0.001414 seconds.
Begin MonoManager ReloadAssembly
Native extension for WindowsStandalone target not found
Refreshing native plugins compatible for Editor in 0.53 ms, found 0 plugins.
Preloading 0 native plugins for Editor in 0.00 ms.
Invoked RoslynAnalysisRunner static constructor.
RoslynAnalysisRunner will not be running.
RoslynAnalysisRunner has terminated.
Mono: successfully reloaded assembly
- Completed reload, in  1.055 seconds
Platform modules already initialized, skipping
Shader 'Universal Render Pipeline/Particles/Lit': fallback shader 'Universal Render Pipeline/Particles/SimpleLit' not found
Refreshing native plugins compatible for Editor in 0.45 ms, found 0 plugins.
Preloading 0 native plugins for Editor in 0.00 ms.
Unloading 2316 Unused Serialized files (Serialized files now loaded: 0)
System memory in use before: 116.6 MB.
System memory in use after: 116.9 MB.

Unloading 5 unused Assets to reduce memory usage. Loaded Objects now: 3064.
Total: 2.753600 ms (FindLiveObjects: 0.287400 ms CreateObjectMapping: 0.131200 ms MarkObjects: 2.316300 ms  DeleteObjects: 0.017200 ms)

========================================================================
Received Prepare
Registering precompiled user dll's ...
Registered in 0.001480 seconds.
Begin MonoManager ReloadAssembly
Native extension for WindowsStandalone target not found
Refreshing native plugins compatible for Editor in 0.47 ms, found 0 plugins.
Preloading 0 native plugins for Editor in 0.00 ms.
Invoked RoslynAnalysisRunner static constructor.
RoslynAnalysisRunner will not be running.
RoslynAnalysisRunner has terminated.
Mono: successfully reloaded assembly
- Completed reload, in  1.097 seconds
Platform modules already initialized, skipping
Shader 'Universal Render Pipeline/Particles/Lit': fallback shader 'Universal Render Pipeline/Particles/SimpleLit' not found
Refreshing native plugins compatible for Editor in 0.57 ms, found 0 plugins.
Preloading 0 native plugins for Editor in 0.00 ms.
Unloading 2316 Unused Serialized files (Serialized files now loaded: 0)
System memory in use before: 116.5 MB.
System memory in use after: 116.8 MB.

Unloading 5 unused Assets to reduce memory usage. Loaded Objects now: 3067.
Total: 2.954100 ms (FindLiveObjects: 0.279000 ms CreateObjectMapping: 0.119100 ms MarkObjects: 2.511400 ms  DeleteObjects: 0.043400 ms)

========================================================================
Received Prepare
Registering precompiled user dll's ...
Registered in 0.001403 seconds.
Begin MonoManager ReloadAssembly
Native extension for WindowsStandalone target not found
Refreshing native plugins compatible for Editor in 0.46 ms, found 0 plugins.
Preloading 0 native plugins for Editor in 0.00 ms.
Invoked RoslynAnalysisRunner static constructor.
RoslynAnalysisRunner will not be running.
RoslynAnalysisRunner has terminated.
Mono: successfully reloaded assembly
- Completed reload, in  1.132 seconds
Platform modules already initialized, skipping
Shader 'Universal Render Pipeline/Particles/Lit': fallback shader 'Universal Render Pipeline/Particles/SimpleLit' not found
Refreshing native plugins compatible for Editor in 0.46 ms, found 0 plugins.
Preloading 0 native plugins for Editor in 0.00 ms.
Unloading 2316 Unused Serialized files (Serialized files now loaded: 0)
System memory in use before: 116.6 MB.
System memory in use after: 116.9 MB.

Unloading 5 unused Assets to reduce memory usage. Loaded Objects now: 3070.
Total: 3.318000 ms (FindLiveObjects: 0.440700 ms CreateObjectMapping: 0.178500 ms MarkObjects: 2.673000 ms  DeleteObjects: 0.023600 ms)

========================================================================
Received Prepare
Registering precompiled user dll's ...
Registered in 0.001581 seconds.
Begin MonoManager ReloadAssembly
Native extension for WindowsStandalone target not found
Refreshing native plugins compatible for Editor in 0.48 ms, found 0 plugins.
Preloading 0 native plugins for Editor in 0.00 ms.
Invoked RoslynAnalysisRunner static constructor.
RoslynAnalysisRunner will not be running.
RoslynAnalysisRunner has terminated.
Mono: successfully reloaded assembly
- Completed reload, in  1.052 seconds
Platform modules already initialized, skipping
Shader 'Universal Render Pipeline/Particles/Lit': fallback shader 'Universal Render Pipeline/Particles/SimpleLit' not found
Refreshing native plugins compatible for Editor in 0.46 ms, found 0 plugins.
Preloading 0 native plugins for Editor in 0.00 ms.
Unloading 2316 Unused Serialized files (Serialized files now loaded: 0)
System memory in use before: 116.7 MB.
System memory in use after: 116.9 MB.

Unloading 5 unused Assets to reduce memory usage. Loaded Objects now: 3073.
Total: 2.386200 ms (FindLiveObjects: 0.267500 ms CreateObjectMapping: 0.115400 ms MarkObjects: 1.983500 ms  DeleteObjects: 0.018500 ms)

========================================================================
Received Prepare
Registering precompiled user dll's ...
Registered in 0.001434 seconds.
Begin MonoManager ReloadAssembly
Native extension for WindowsStandalone target not found
Refreshing native plugins compatible for Editor in 0.45 ms, found 0 plugins.
Preloading 0 native plugins for Editor in 0.00 ms.
Invoked RoslynAnalysisRunner static constructor.
RoslynAnalysisRunner will not be running.
RoslynAnalysisRunner has terminated.
Mono: successfully reloaded assembly
- Completed reload, in  1.096 seconds
Platform modules already initialized, skipping
Shader 'Universal Render Pipeline/Particles/Lit': fallback shader 'Universal Render Pipeline/Particles/SimpleLit' not found
Refreshing native plugins compatible for Editor in 0.44 ms, found 0 plugins.
Preloading 0 native plugins for Editor in 0.00 ms.
Unloading 2316 Unused Serialized files (Serialized files now loaded: 0)
System memory in use before: 116.7 MB.
System memory in use after: 116.9 MB.

Unloading 5 unused Assets to reduce memory usage. Loaded Objects now: 3076.
Total: 3.060800 ms (FindLiveObjects: 0.296800 ms CreateObjectMapping: 0.113200 ms MarkObjects: 2.627500 ms  DeleteObjects: 0.022300 ms)

========================================================================
Received Prepare
Registering precompiled user dll's ...
Registered in 0.001518 seconds.
Begin MonoManager ReloadAssembly
Native extension for WindowsStandalone target not found
Refreshing native plugins compatible for Editor in 0.50 ms, found 0 plugins.
Preloading 0 native plugins for Editor in 0.00 ms.
Invoked RoslynAnalysisRunner static constructor.
RoslynAnalysisRunner will not be running.
RoslynAnalysisRunner has terminated.
Mono: successfully reloaded assembly
- Completed reload, in  1.052 seconds
Platform modules already initialized, skipping
Shader 'Universal Render Pipeline/Particles/Lit': fallback shader 'Universal Render Pipeline/Particles/SimpleLit' not found
Refreshing native plugins compatible for Editor in 0.49 ms, found 0 plugins.
Preloading 0 native plugins for Editor in 0.00 ms.
Unloading 2316 Unused Serialized files (Serialized files now loaded: 0)
System memory in use before: 116.7 MB.
System memory in use after: 116.9 MB.

Unloading 5 unused Assets to reduce memory usage. Loaded Objects now: 3079.
Total: 2.518100 ms (FindLiveObjects: 0.270900 ms CreateObjectMapping: 0.114800 ms MarkObjects: 2.110500 ms  DeleteObjects: 0.020300 ms)

========================================================================
Received Prepare
Registering precompiled user dll's ...
Registered in 0.001466 seconds.
Begin MonoManager ReloadAssembly
Native extension for WindowsStandalone target not found
Refreshing native plugins compatible for Editor in 0.48 ms, found 0 plugins.
Preloading 0 native plugins for Editor in 0.00 ms.
Invoked RoslynAnalysisRunner static constructor.
RoslynAnalysisRunner will not be running.
RoslynAnalysisRunner has terminated.
Mono: successfully reloaded assembly
- Completed reload, in  1.122 seconds
Platform modules already initialized, skipping
Shader 'Universal Render Pipeline/Particles/Lit': fallback shader 'Universal Render Pipeline/Particles/SimpleLit' not found
Refreshing native plugins compatible for Editor in 0.47 ms, found 0 plugins.
Preloading 0 native plugins for Editor in 0.00 ms.
Unloading 2316 Unused Serialized files (Serialized files now loaded: 0)
System memory in use before: 116.6 MB.
System memory in use after: 116.8 MB.

Unloading 5 unused Assets to reduce memory usage. Loaded Objects now: 3082.
Total: 2.411200 ms (FindLiveObjects: 0.261600 ms CreateObjectMapping: 0.118600 ms MarkObjects: 2.013800 ms  DeleteObjects: 0.015900 ms)

========================================================================
Received Prepare
Registering precompiled user dll's ...
Registered in 0.001690 seconds.
Begin MonoManager ReloadAssembly
Native extension for WindowsStandalone target not found
Refreshing native plugins compatible for Editor in 0.50 ms, found 0 plugins.
Preloading 0 native plugins for Editor in 0.00 ms.
Invoked RoslynAnalysisRunner static constructor.
RoslynAnalysisRunner will not be running.
RoslynAnalysisRunner has terminated.
Mono: successfully reloaded assembly
- Completed reload, in  1.040 seconds
Platform modules already initialized, skipping
Shader 'Universal Render Pipeline/Particles/Lit': fallback shader 'Universal Render Pipeline/Particles/SimpleLit' not found
Refreshing native plugins compatible for Editor in 0.46 ms, found 0 plugins.
Preloading 0 native plugins for Editor in 0.00 ms.
Unloading 2316 Unused Serialized files (Serialized files now loaded: 0)
System memory in use before: 116.7 MB.
System memory in use after: 116.9 MB.

Unloading 5 unused Assets to reduce memory usage. Loaded Objects now: 3085.
Total: 2.830300 ms (FindLiveObjects: 0.276600 ms CreateObjectMapping: 0.114500 ms MarkObjects: 2.418400 ms  DeleteObjects: 0.019900 ms)

========================================================================
Received Prepare
Registering precompiled user dll's ...
Registered in 0.001914 seconds.
Begin MonoManager ReloadAssembly
Native extension for WindowsStandalone target not found
Refreshing native plugins compatible for Editor in 0.47 ms, found 0 plugins.
Preloading 0 native plugins for Editor in 0.00 ms.
Invoked RoslynAnalysisRunner static constructor.
RoslynAnalysisRunner will not be running.
RoslynAnalysisRunner has terminated.
Mono: successfully reloaded assembly
- Completed reload, in  1.100 seconds
Platform modules already initialized, skipping
Shader 'Universal Render Pipeline/Particles/Lit': fallback shader 'Universal Render Pipeline/Particles/SimpleLit' not found
Refreshing native plugins compatible for Editor in 0.45 ms, found 0 plugins.
Preloading 0 native plugins for Editor in 0.00 ms.
Unloading 2316 Unused Serialized files (Serialized files now loaded: 0)
System memory in use before: 116.7 MB.
System memory in use after: 116.9 MB.

Unloading 5 unused Assets to reduce memory usage. Loaded Objects now: 3088.
Total: 2.223000 ms (FindLiveObjects: 0.252400 ms CreateObjectMapping: 0.112600 ms MarkObjects: 1.842100 ms  DeleteObjects: 0.014600 ms)

========================================================================
Received Prepare
Registering precompiled user dll's ...
Registered in 0.001670 seconds.
Begin MonoManager ReloadAssembly
Native extension for WindowsStandalone target not found
Refreshing native plugins compatible for Editor in 0.45 ms, found 0 plugins.
Preloading 0 native plugins for Editor in 0.00 ms.
Invoked RoslynAnalysisRunner static constructor.
RoslynAnalysisRunner will not be running.
RoslynAnalysisRunner has terminated.
Mono: successfully reloaded assembly
- Completed reload, in  1.041 seconds
Platform modules already initialized, skipping
Shader 'Universal Render Pipeline/Particles/Lit': fallback shader 'Universal Render Pipeline/Particles/SimpleLit' not found
Refreshing native plugins compatible for Editor in 0.44 ms, found 0 plugins.
Preloading 0 native plugins for Editor in 0.00 ms.
Unloading 2316 Unused Serialized files (Serialized files now loaded: 0)
System memory in use before: 116.7 MB.
System memory in use after: 116.9 MB.

Unloading 5 unused Assets to reduce memory usage. Loaded Objects now: 3091.
Total: 2.532100 ms (FindLiveObjects: 0.284200 ms CreateObjectMapping: 0.115200 ms MarkObjects: 2.111400 ms  DeleteObjects: 0.019400 ms)

========================================================================
Received Prepare
Registering precompiled user dll's ...
Registered in 0.001436 seconds.
Begin MonoManager ReloadAssembly
Native extension for WindowsStandalone target not found
Refreshing native plugins compatible for Editor in 0.44 ms, found 0 plugins.
Preloading 0 native plugins for Editor in 0.00 ms.
Invoked RoslynAnalysisRunner static constructor.
RoslynAnalysisRunner will not be running.
RoslynAnalysisRunner has terminated.
Mono: successfully reloaded assembly
- Completed reload, in  1.092 seconds
Platform modules already initialized, skipping
Shader 'Universal Render Pipeline/Particles/Lit': fallback shader 'Universal Render Pipeline/Particles/SimpleLit' not found
Refreshing native plugins compatible for Editor in 0.44 ms, found 0 plugins.
Preloading 0 native plugins for Editor in 0.00 ms.
Unloading 2316 Unused Serialized files (Serialized files now loaded: 0)
System memory in use before: 116.7 MB.
System memory in use after: 116.9 MB.

Unloading 5 unused Assets to reduce memory usage. Loaded Objects now: 3094.
Total: 2.364200 ms (FindLiveObjects: 0.269900 ms CreateObjectMapping: 0.116400 ms MarkObjects: 1.959900 ms  DeleteObjects: 0.016600 ms)

========================================================================
Received Prepare
Registering precompiled user dll's ...
Registered in 0.001435 seconds.
Begin MonoManager ReloadAssembly
Native extension for WindowsStandalone target not found
Refreshing native plugins compatible for Editor in 0.49 ms, found 0 plugins.
Preloading 0 native plugins for Editor in 0.00 ms.
Invoked RoslynAnalysisRunner static constructor.
RoslynAnalysisRunner will not be running.
RoslynAnalysisRunner has terminated.
Mono: successfully reloaded assembly
- Completed reload, in  1.059 seconds
Platform modules already initialized, skipping
Shader 'Universal Render Pipeline/Particles/Lit': fallback shader 'Universal Render Pipeline/Particles/SimpleLit' not found
Refreshing native plugins compatible for Editor in 0.44 ms, found 0 plugins.
Preloading 0 native plugins for Editor in 0.00 ms.
Unloading 2316 Unused Serialized files (Serialized files now loaded: 0)
System memory in use before: 116.6 MB.
System memory in use after: 116.8 MB.

Unloading 5 unused Assets to reduce memory usage. Loaded Objects now: 3097.
Total: 2.622600 ms (FindLiveObjects: 0.309200 ms CreateObjectMapping: 0.165300 ms MarkObjects: 2.118500 ms  DeleteObjects: 0.028600 ms)

========================================================================
Received Prepare
Registering precompiled user dll's ...
Registered in 0.001691 seconds.
Begin MonoManager ReloadAssembly
Native extension for WindowsStandalone target not found
Refreshing native plugins compatible for Editor in 0.44 ms, found 0 plugins.
Preloading 0 native plugins for Editor in 0.00 ms.
Invoked RoslynAnalysisRunner static constructor.
RoslynAnalysisRunner will not be running.
RoslynAnalysisRunner has terminated.
Mono: successfully reloaded assembly
- Completed reload, in  1.016 seconds
Platform modules already initialized, skipping
Shader 'Universal Render Pipeline/Particles/Lit': fallback shader 'Universal Render Pipeline/Particles/SimpleLit' not found
Refreshing native plugins compatible for Editor in 0.44 ms, found 0 plugins.
Preloading 0 native plugins for Editor in 0.00 ms.
Unloading 2316 Unused Serialized files (Serialized files now loaded: 0)
System memory in use before: 116.7 MB.
System memory in use after: 116.9 MB.

Unloading 5 unused Assets to reduce memory usage. Loaded Objects now: 3100.
Total: 2.771300 ms (FindLiveObjects: 0.241200 ms CreateObjectMapping: 0.115200 ms MarkObjects: 2.393000 ms  DeleteObjects: 0.020700 ms)

========================================================================
Received Prepare
Registering precompiled user dll's ...
Registered in 0.001588 seconds.
Begin MonoManager ReloadAssembly
Native extension for WindowsStandalone target not found
Refreshing native plugins compatible for Editor in 0.70 ms, found 0 plugins.
Preloading 0 native plugins for Editor in 0.00 ms.
Invoked RoslynAnalysisRunner static constructor.
RoslynAnalysisRunner will not be running.
RoslynAnalysisRunner has terminated.
Mono: successfully reloaded assembly
- Completed reload, in  1.094 seconds
Platform modules already initialized, skipping
Shader 'Universal Render Pipeline/Particles/Lit': fallback shader 'Universal Render Pipeline/Particles/SimpleLit' not found
Refreshing native plugins compatible for Editor in 0.47 ms, found 0 plugins.
Preloading 0 native plugins for Editor in 0.00 ms.
Unloading 2316 Unused Serialized files (Serialized files now loaded: 0)
System memory in use before: 116.7 MB.
System memory in use after: 116.9 MB.

Unloading 5 unused Assets to reduce memory usage. Loaded Objects now: 3103.
Total: 2.329500 ms (FindLiveObjects: 0.274400 ms CreateObjectMapping: 0.115400 ms MarkObjects: 1.921800 ms  DeleteObjects: 0.017000 ms)

========================================================================
Received Prepare
Registering precompiled user dll's ...
Registered in 0.002062 seconds.
Begin MonoManager ReloadAssembly
Native extension for WindowsStandalone target not found
Refreshing native plugins compatible for Editor in 0.46 ms, found 0 plugins.
Preloading 0 native plugins for Editor in 0.00 ms.
Invoked RoslynAnalysisRunner static constructor.
RoslynAnalysisRunner will not be running.
RoslynAnalysisRunner has terminated.
Mono: successfully reloaded assembly
- Completed reload, in  1.156 seconds
Platform modules already initialized, skipping
Shader 'Universal Render Pipeline/Particles/Lit': fallback shader 'Universal Render Pipeline/Particles/SimpleLit' not found
Refreshing native plugins compatible for Editor in 0.49 ms, found 0 plugins.
Preloading 0 native plugins for Editor in 0.00 ms.
Unloading 2316 Unused Serialized files (Serialized files now loaded: 0)
System memory in use before: 116.7 MB.
System memory in use after: 116.9 MB.

Unloading 5 unused Assets to reduce memory usage. Loaded Objects now: 3106.
Total: 2.290500 ms (FindLiveObjects: 0.261800 ms CreateObjectMapping: 0.112600 ms MarkObjects: 1.898800 ms  DeleteObjects: 0.016200 ms)

========================================================================
Received Prepare
Registering precompiled user dll's ...
Registered in 0.001378 seconds.
Begin MonoManager ReloadAssembly
Native extension for WindowsStandalone target not found
Refreshing native plugins compatible for Editor in 0.45 ms, found 0 plugins.
Preloading 0 native plugins for Editor in 0.00 ms.
Invoked RoslynAnalysisRunner static constructor.
RoslynAnalysisRunner will not be running.
RoslynAnalysisRunner has terminated.
Mono: successfully reloaded assembly
- Completed reload, in  0.986 seconds
Platform modules already initialized, skipping
Shader 'Universal Render Pipeline/Particles/Lit': fallback shader 'Universal Render Pipeline/Particles/SimpleLit' not found
Refreshing native plugins compatible for Editor in 0.47 ms, found 0 plugins.
Preloading 0 native plugins for Editor in 0.00 ms.
Unloading 2316 Unused Serialized files (Serialized files now loaded: 0)
System memory in use before: 116.7 MB.
System memory in use after: 117.0 MB.

Unloading 5 unused Assets to reduce memory usage. Loaded Objects now: 3109.
Total: 2.681100 ms (FindLiveObjects: 0.278400 ms CreateObjectMapping: 0.114300 ms MarkObjects: 2.262900 ms  DeleteObjects: 0.024500 ms)

AssetImportWorkerClient::OnTransportError - code=2 error=End of file
