Using pre-set license
Built from '2020.2/staging' branch; Version is '2020.2.7f1 (c53830e277f1) revision 12924976'; Using compiler version '192528614'; Build Type 'Release'
OS: 'Windows 10 Pro; OS build 19042.1586; Version 2009; 64bit' Language: 'es' Physical Memory: 16290 MB
BatchMode: 1, IsHumanControllingUs: 0, StartBugReporterOnCrash: 0, Is64bit: 1, IsPro: 0

 COMMAND LINE ARGUMENTS:
E:\Unityy\2020.2.7f1\Editor\Unity.exe
-adb2
-batchMode
-noUpm
-name
AssetImportWorker0
-projectPath
E:/ImageCampus/Tercer Cuatri/Desarrollo de Videojuegos/SolarSystem
-logFile
Logs/AssetImportWorker0.log
-srvPort
56565
Successfully changed project path to: E:/ImageCampus/Tercer Cuatri/Desarrollo de Videojuegos/SolarSystem
E:/ImageCampus/Tercer Cuatri/Desarrollo de Videojuegos/SolarSystem
Using Asset Import Pipeline V2.
Refreshing native plugins compatible for Editor in 46.41 ms, found 0 plugins.
Preloading 0 native plugins for Editor in 0.00 ms.
Initialize engine version: 2020.2.7f1 (c53830e277f1)
[Subsystems] Discovering subsystems at path E:/Unityy/2020.2.7f1/Editor/Data/Resources/UnitySubsystems
[Subsystems] Discovering subsystems at path E:/ImageCampus/Tercer Cuatri/Desarrollo de Videojuegos/SolarSystem/Assets
GfxDevice: creating device client; threaded=0
Direct3D:
    Version:  Direct3D 11.0 [level 11.1]
    Renderer: NVIDIA GeForce GTX 960 (ID=0x1401)
    Vendor:   
    VRAM:     2007 MB
    Driver:   27.21.14.6663
Shader 'Universal Render Pipeline/Particles/Lit': fallback shader 'Universal Render Pipeline/Particles/SimpleLit' not found
Initialize mono
Mono path[0] = 'E:/Unityy/2020.2.7f1/Editor/Data/Managed'
Mono path[1] = 'E:/Unityy/2020.2.7f1/Editor/Data/MonoBleedingEdge/lib/mono/unityjit'
Mono config path = 'E:/Unityy/2020.2.7f1/Editor/Data/MonoBleedingEdge/etc'
Using monoOptions --debugger-agent=transport=dt_socket,embedding=1,server=y,suspend=n,address=127.0.0.1:56468
Begin MonoManager ReloadAssembly
Registering precompiled unity dll's ...
Register platform support module: E:/Unityy/2020.2.7f1/Editor/Data/PlaybackEngines/WindowsStandaloneSupport/UnityEditor.WindowsStandalone.Extensions.dll
Registered in 0.001288 seconds.
Native extension for WindowsStandalone target not found
Refreshing native plugins compatible for Editor in 47.53 ms, found 0 plugins.
Preloading 0 native plugins for Editor in 0.00 ms.
Invoked RoslynAnalysisRunner static constructor.
RoslynAnalysisRunner will not be running.
RoslynAnalysisRunner has terminated.
Mono: successfully reloaded assembly
- Completed reload, in  1.436 seconds
Platform modules already initialized, skipping
Registering precompiled user dll's ...
Registered in 0.001372 seconds.
Begin MonoManager ReloadAssembly
Native extension for WindowsStandalone target not found
Refreshing native plugins compatible for Editor in 54.18 ms, found 0 plugins.
Preloading 0 native plugins for Editor in 0.00 ms.
Invoked RoslynAnalysisRunner static constructor.
RoslynAnalysisRunner will not be running.
RoslynAnalysisRunner has terminated.
Mono: successfully reloaded assembly
- Completed reload, in  1.139 seconds
Platform modules already initialized, skipping
========================================================================
Worker process is ready to serve import requests
Shader 'Universal Render Pipeline/Particles/Lit': fallback shader 'Universal Render Pipeline/Particles/SimpleLit' not found
Launched and connected shader compiler UnityShaderCompiler.exe after 0.07 seconds
Refreshing native plugins compatible for Editor in 0.47 ms, found 0 plugins.
Preloading 0 native plugins for Editor in 0.00 ms.
Unloading 2442 Unused Serialized files (Serialized files now loaded: 0)
System memory in use before: 118.2 MB.
System memory in use after: 118.4 MB.

Unloading 10 unused Assets to reduce memory usage. Loaded Objects now: 2894.
Total: 2.313500 ms (FindLiveObjects: 0.249800 ms CreateObjectMapping: 0.122000 ms MarkObjects: 1.864300 ms  DeleteObjects: 0.076000 ms)

========================================================================
Received Import Request.
  path: Assets/Textures/TexturesCom_Scifi_Pattern_1K_normal.tif
  artifactKey: Guid(5f1ab3ee9fa939a48974580470c7ad51) Importer(815301076,1909f56bfc062723c751e8b465ee728b)
Start importing Assets/Textures/TexturesCom_Scifi_Pattern_1K_normal.tif using Guid(5f1ab3ee9fa939a48974580470c7ad51) Importer(815301076,1909f56bfc062723c751e8b465ee728b)  -> (artifact id: '33f8b86bad6cd126193a8a53b1c2ffaf') in 0.150555 seconds
  Import took 0.155706 seconds .

========================================================================
Received Import Request.
  Time since last request: 0.000239 seconds.
  path: Assets/Textures/TexturesCom_Scifi_Pattern_1K_height.tif
  artifactKey: Guid(d132a0329436f5c42b232981710a8ae7) Importer(815301076,1909f56bfc062723c751e8b465ee728b)
Start importing Assets/Textures/TexturesCom_Scifi_Pattern_1K_height.tif using Guid(d132a0329436f5c42b232981710a8ae7) Importer(815301076,1909f56bfc062723c751e8b465ee728b)  -> (artifact id: 'd87ccc54aea65c667f9f7f0db5ff91d2') in 0.013959 seconds
  Import took 0.039073 seconds .

========================================================================
Received Import Request.
  Time since last request: 0.000233 seconds.
  path: Assets/Textures/TexturesCom_Scifi_Pattern_1K_metallic.tif
  artifactKey: Guid(ae5722f7a4f56554aa27e31b660c3573) Importer(815301076,1909f56bfc062723c751e8b465ee728b)
Start importing Assets/Textures/TexturesCom_Scifi_Pattern_1K_metallic.tif using Guid(ae5722f7a4f56554aa27e31b660c3573) Importer(815301076,1909f56bfc062723c751e8b465ee728b)  -> (artifact id: '0ed6dd01fdd860ad104cbd1830320f81') in 0.013589 seconds
  Import took 0.018597 seconds .

========================================================================
Received Import Request.
  Time since last request: 0.000222 seconds.
  path: Assets/Textures/TexturesCom_Scifi_Pattern_1K_roughness.tif
  artifactKey: Guid(18305e57903bb054f916913418708757) Importer(815301076,1909f56bfc062723c751e8b465ee728b)
Start importing Assets/Textures/TexturesCom_Scifi_Pattern_1K_roughness.tif using Guid(18305e57903bb054f916913418708757) Importer(815301076,1909f56bfc062723c751e8b465ee728b)  -> (artifact id: 'd4338718392c3d02bc181c95b3396938') in 0.014857 seconds
  Import took 0.019791 seconds .

========================================================================
Received Import Request.
  Time since last request: 0.000190 seconds.
  path: Assets/Textures/TexturesCom_Scifi_Pattern_1K_albedo.tif
  artifactKey: Guid(4d5e60af54b807d4abaa868e27dad921) Importer(815301076,1909f56bfc062723c751e8b465ee728b)
Start importing Assets/Textures/TexturesCom_Scifi_Pattern_1K_albedo.tif using Guid(4d5e60af54b807d4abaa868e27dad921) Importer(815301076,1909f56bfc062723c751e8b465ee728b)  -> (artifact id: '8f1ccd05dd0e82ed562e63773ae31c87') in 0.032529 seconds
  Import took 0.037373 seconds .

========================================================================
Received Import Request.
  Time since last request: 0.000583 seconds.
  path: Assets/Textures/TexturesCom_Scifi_Pattern_1K_albedo.tif
  artifactKey: Guid(4d5e60af54b807d4abaa868e27dad921) Importer(815301076,1909f56bfc062723c751e8b465ee728b)
Start importing Assets/Textures/TexturesCom_Scifi_Pattern_1K_albedo.tif using Guid(4d5e60af54b807d4abaa868e27dad921) Importer(815301076,1909f56bfc062723c751e8b465ee728b)  -> (artifact id: '8f1ccd05dd0e82ed562e63773ae31c87') in 0.011123 seconds
  Import took 0.015958 seconds .

========================================================================
Received Import Request.
  Time since last request: 901.349620 seconds.
  path: Assets/Textures/space-cruiser-panels2_albedo.png
  artifactKey: Guid(87616ff1c1424af4a870771a80236a28) Importer(815301076,1909f56bfc062723c751e8b465ee728b)
Start importing Assets/Textures/space-cruiser-panels2_albedo.png using Guid(87616ff1c1424af4a870771a80236a28) Importer(815301076,1909f56bfc062723c751e8b465ee728b)  -> (artifact id: '225781acedb0d22f640728f231e9e499') in 0.037179 seconds
  Import took 0.059400 seconds .

========================================================================
Received Import Request.
  Time since last request: 0.000306 seconds.
  path: Assets/Textures/space-cruiser-panels2_height.png
  artifactKey: Guid(f3995b5344f39df439020eac19d6a60d) Importer(815301076,1909f56bfc062723c751e8b465ee728b)
Start importing Assets/Textures/space-cruiser-panels2_height.png using Guid(f3995b5344f39df439020eac19d6a60d) Importer(815301076,1909f56bfc062723c751e8b465ee728b)  -> (artifact id: 'ed6b0f801135656df9e58fafe37f8569') in 0.013889 seconds
  Import took 0.021869 seconds .

========================================================================
Received Import Request.
  Time since last request: 0.000451 seconds.
  path: Assets/Textures/space-cruiser-panels2_ao.png
  artifactKey: Guid(c20d17757139b9f4eb6d3596c2be8e5b) Importer(815301076,1909f56bfc062723c751e8b465ee728b)
Start importing Assets/Textures/space-cruiser-panels2_ao.png using Guid(c20d17757139b9f4eb6d3596c2be8e5b) Importer(815301076,1909f56bfc062723c751e8b465ee728b)  -> (artifact id: '6627bc60b2023b92bdd2d317ab31770b') in 0.017919 seconds
  Import took 0.023356 seconds .

========================================================================
Received Import Request.
  Time since last request: 0.000197 seconds.
  path: Assets/Textures/space-cruiser-panels2_preview.jpg
  artifactKey: Guid(91a2b2d90f0155a44aa4d47f5b5bab2e) Importer(815301076,1909f56bfc062723c751e8b465ee728b)
Start importing Assets/Textures/space-cruiser-panels2_preview.jpg using Guid(91a2b2d90f0155a44aa4d47f5b5bab2e) Importer(815301076,1909f56bfc062723c751e8b465ee728b)  -> (artifact id: '3dd7e174a153585910dabc2da60ea99e') in 0.016909 seconds
  Import took 0.028468 seconds .

========================================================================
Received Import Request.
  Time since last request: 0.000183 seconds.
  path: Assets/Textures/space-cruiser-panels2_normal-ogl.png
  artifactKey: Guid(b2094fb868a0d704498ead76dd0cc09e) Importer(815301076,1909f56bfc062723c751e8b465ee728b)
Start importing Assets/Textures/space-cruiser-panels2_normal-ogl.png using Guid(b2094fb868a0d704498ead76dd0cc09e) Importer(815301076,1909f56bfc062723c751e8b465ee728b)  -> (artifact id: '171bc5681e4c8a9399d9e244f612c356') in 0.018005 seconds
  Import took 0.025280 seconds .

========================================================================
Received Import Request.
  Time since last request: 0.001245 seconds.
  path: Assets/Textures/space-cruiser-panels2_normal-ogl.png
  artifactKey: Guid(b2094fb868a0d704498ead76dd0cc09e) Importer(815301076,1909f56bfc062723c751e8b465ee728b)
Start importing Assets/Textures/space-cruiser-panels2_normal-ogl.png using Guid(b2094fb868a0d704498ead76dd0cc09e) Importer(815301076,1909f56bfc062723c751e8b465ee728b)  -> (artifact id: '171bc5681e4c8a9399d9e244f612c356') in 0.013537 seconds
  Import took 0.018482 seconds .

========================================================================
Received Prepare
Registering precompiled user dll's ...
Registered in 0.001489 seconds.
Begin MonoManager ReloadAssembly
Native extension for WindowsStandalone target not found
Refreshing native plugins compatible for Editor in 0.45 ms, found 0 plugins.
Preloading 0 native plugins for Editor in 0.00 ms.
Invoked RoslynAnalysisRunner static constructor.
RoslynAnalysisRunner will not be running.
RoslynAnalysisRunner has terminated.
Mono: successfully reloaded assembly
- Completed reload, in  1.055 seconds
Platform modules already initialized, skipping
Shader 'Universal Render Pipeline/Particles/Lit': fallback shader 'Universal Render Pipeline/Particles/SimpleLit' not found
Refreshing native plugins compatible for Editor in 0.49 ms, found 0 plugins.
Preloading 0 native plugins for Editor in 0.00 ms.
Unloading 2316 Unused Serialized files (Serialized files now loaded: 0)
System memory in use before: 111.0 MB.
System memory in use after: 111.3 MB.

Unloading 5 unused Assets to reduce memory usage. Loaded Objects now: 2899.
Total: 2.568100 ms (FindLiveObjects: 0.236500 ms CreateObjectMapping: 0.111600 ms MarkObjects: 2.196400 ms  DeleteObjects: 0.022700 ms)

========================================================================
Received Import Request.
  Time since last request: 856.141470 seconds.
  path: Assets/Textures/CyberneticTexture.png
  artifactKey: Guid(0d399fcc9c10eb143a0175ed5890faab) Importer(815301076,1909f56bfc062723c751e8b465ee728b)
Start importing Assets/Textures/CyberneticTexture.png using Guid(0d399fcc9c10eb143a0175ed5890faab) Importer(815301076,1909f56bfc062723c751e8b465ee728b)  -> (artifact id: '471322b56a80ed2d5a9554a3690413e1') in 0.059178 seconds
  Import took 0.079703 seconds .

========================================================================
Received Prepare
Registering precompiled user dll's ...
Registered in 0.001581 seconds.
Begin MonoManager ReloadAssembly
Native extension for WindowsStandalone target not found
Refreshing native plugins compatible for Editor in 0.59 ms, found 0 plugins.
Preloading 0 native plugins for Editor in 0.00 ms.
Invoked RoslynAnalysisRunner static constructor.
RoslynAnalysisRunner will not be running.
RoslynAnalysisRunner has terminated.
Mono: successfully reloaded assembly
- Completed reload, in  1.055 seconds
Platform modules already initialized, skipping
Shader 'Universal Render Pipeline/Particles/Lit': fallback shader 'Universal Render Pipeline/Particles/SimpleLit' not found
Refreshing native plugins compatible for Editor in 0.46 ms, found 0 plugins.
Preloading 0 native plugins for Editor in 0.00 ms.
Unloading 2316 Unused Serialized files (Serialized files now loaded: 0)
System memory in use before: 111.1 MB.
System memory in use after: 111.3 MB.

Unloading 5 unused Assets to reduce memory usage. Loaded Objects now: 2902.
Total: 2.301100 ms (FindLiveObjects: 0.221900 ms CreateObjectMapping: 0.104400 ms MarkObjects: 1.925300 ms  DeleteObjects: 0.048700 ms)

========================================================================
Received Prepare
Registering precompiled user dll's ...
Registered in 0.001552 seconds.
Begin MonoManager ReloadAssembly
Native extension for WindowsStandalone target not found
Refreshing native plugins compatible for Editor in 0.63 ms, found 0 plugins.
Preloading 0 native plugins for Editor in 0.00 ms.
Invoked RoslynAnalysisRunner static constructor.
RoslynAnalysisRunner will not be running.
RoslynAnalysisRunner has terminated.
Mono: successfully reloaded assembly
- Completed reload, in  1.036 seconds
Platform modules already initialized, skipping
Shader 'Universal Render Pipeline/Particles/Lit': fallback shader 'Universal Render Pipeline/Particles/SimpleLit' not found
Refreshing native plugins compatible for Editor in 0.48 ms, found 0 plugins.
Preloading 0 native plugins for Editor in 0.00 ms.
Unloading 2316 Unused Serialized files (Serialized files now loaded: 0)
System memory in use before: 111.1 MB.
System memory in use after: 111.3 MB.

Unloading 5 unused Assets to reduce memory usage. Loaded Objects now: 2905.
Total: 2.917500 ms (FindLiveObjects: 0.247500 ms CreateObjectMapping: 0.111500 ms MarkObjects: 2.521000 ms  DeleteObjects: 0.036600 ms)

========================================================================
Received Import Request.
  Time since last request: 686.341971 seconds.
  path: Assets/Textures/abstractwall_5_roughness-4K.png
  artifactKey: Guid(5bc02f9a4a4bf17439a609531f3a6af2) Importer(815301076,1909f56bfc062723c751e8b465ee728b)
Start importing Assets/Textures/abstractwall_5_roughness-4K.png using Guid(5bc02f9a4a4bf17439a609531f3a6af2) Importer(815301076,1909f56bfc062723c751e8b465ee728b)  -> (artifact id: 'cff88acac63b1cd7347b2b3d2e3e618c') in 0.044860 seconds
  Import took 0.070384 seconds .

========================================================================
Received Import Request.
  Time since last request: 0.000248 seconds.
  path: Assets/Textures/abstractwall_5_emissive-4K.png
  artifactKey: Guid(b02c9961609bab6498fb9e239fcd636d) Importer(815301076,1909f56bfc062723c751e8b465ee728b)
Start importing Assets/Textures/abstractwall_5_emissive-4K.png using Guid(b02c9961609bab6498fb9e239fcd636d) Importer(815301076,1909f56bfc062723c751e8b465ee728b)  -> (artifact id: 'd6b563c3733299e97cf2168be4edf278') in 0.012160 seconds
  Import took 0.025241 seconds .

========================================================================
Received Import Request.
  Time since last request: 0.000251 seconds.
  path: Assets/Textures/abstractwall_5_metallic-4K.png
  artifactKey: Guid(2a78c8136da4c30448b41a2b3fa16958) Importer(815301076,1909f56bfc062723c751e8b465ee728b)
Start importing Assets/Textures/abstractwall_5_metallic-4K.png using Guid(2a78c8136da4c30448b41a2b3fa16958) Importer(815301076,1909f56bfc062723c751e8b465ee728b)  -> (artifact id: '7f5e664a3c23964e3058b33f7c6a76e4') in 0.011389 seconds
  Import took 0.030788 seconds .

========================================================================
Received Import Request.
  Time since last request: 0.000286 seconds.
  path: Assets/Textures/abstractwall_5_height-4K.png
  artifactKey: Guid(aba9e19831986374da985168098917d7) Importer(815301076,1909f56bfc062723c751e8b465ee728b)
Start importing Assets/Textures/abstractwall_5_height-4K.png using Guid(aba9e19831986374da985168098917d7) Importer(815301076,1909f56bfc062723c751e8b465ee728b)  -> (artifact id: '52bf6c4d4cd13da9a3258f545986ba82') in 0.012548 seconds
  Import took 0.026359 seconds .

========================================================================
Received Import Request.
  Time since last request: 0.000233 seconds.
  path: Assets/Textures/abstractwall_5_ambientocclusion-4K.png
  artifactKey: Guid(662e15818a7a5004f9ba1fd953d69733) Importer(815301076,1909f56bfc062723c751e8b465ee728b)
Start importing Assets/Textures/abstractwall_5_ambientocclusion-4K.png using Guid(662e15818a7a5004f9ba1fd953d69733) Importer(815301076,1909f56bfc062723c751e8b465ee728b)  -> (artifact id: 'c0f065d46ee1ec9d0eb0a427dd963abc') in 0.011747 seconds
  Import took 0.033367 seconds .

========================================================================
Received Import Request.
  Time since last request: 0.000229 seconds.
  path: Assets/Textures/abstractwall_5_basecolor-4K.png
  artifactKey: Guid(aa77cd38daff9074c89647feb5dd39e4) Importer(815301076,1909f56bfc062723c751e8b465ee728b)
Start importing Assets/Textures/abstractwall_5_basecolor-4K.png using Guid(aa77cd38daff9074c89647feb5dd39e4) Importer(815301076,1909f56bfc062723c751e8b465ee728b)  -> (artifact id: '43b6a8026ca6e3b0783b0f8b9b903528') in 0.017302 seconds
  Import took 0.037149 seconds .

========================================================================
Received Import Request.
  Time since last request: 0.000408 seconds.
  path: Assets/Textures/abstractwall_5_normal-4K.png
  artifactKey: Guid(dd7c3056ae11cb94db15155499a96f04) Importer(815301076,1909f56bfc062723c751e8b465ee728b)
Start importing Assets/Textures/abstractwall_5_normal-4K.png using Guid(dd7c3056ae11cb94db15155499a96f04) Importer(815301076,1909f56bfc062723c751e8b465ee728b)  -> (artifact id: 'f06752da5bc22255b92840737fa9cce1') in 0.012434 seconds
  Import took 0.025679 seconds .

========================================================================
Received Import Request.
  Time since last request: 41.100305 seconds.
  path: Assets/Materials/DissolveMaterial.mat
  artifactKey: Guid(727f9e5d22535cd4a95195f19844c97e) Importer(815301076,1909f56bfc062723c751e8b465ee728b)
Start importing Assets/Materials/DissolveMaterial.mat using Guid(727f9e5d22535cd4a95195f19844c97e) Importer(815301076,1909f56bfc062723c751e8b465ee728b)  -> (artifact id: 'a2a5d178988ed268e14840fbc03ec37c') in 0.410499 seconds
  Import took 0.427723 seconds .

========================================================================
Received Import Request.
  Time since last request: 0.000274 seconds.
  path: Assets/Materials/New Material.mat
  artifactKey: Guid(fe04729cca919da4b814e9234f123812) Importer(815301076,1909f56bfc062723c751e8b465ee728b)
Start importing Assets/Materials/New Material.mat using Guid(fe04729cca919da4b814e9234f123812) Importer(815301076,1909f56bfc062723c751e8b465ee728b)  -> (artifact id: 'aa615e12a362cc849753fda44557cbf8') in 0.013426 seconds
  Import took 0.023401 seconds .

========================================================================
Received Import Request.
  Time since last request: 100.928481 seconds.
  path: Assets/Textures/abstractwall_5_normal-4K.png
  artifactKey: Guid(dd7c3056ae11cb94db15155499a96f04) Importer(815301076,1909f56bfc062723c751e8b465ee728b)
Start importing Assets/Textures/abstractwall_5_normal-4K.png using Guid(dd7c3056ae11cb94db15155499a96f04) Importer(815301076,1909f56bfc062723c751e8b465ee728b)  -> (artifact id: 'd0fd283e1dfcd9f71ae4e26e02787256') in 0.029004 seconds
  Import took 0.050828 seconds .

========================================================================
Received Prepare
Registering precompiled user dll's ...
Registered in 0.001466 seconds.
Begin MonoManager ReloadAssembly
Native extension for WindowsStandalone target not found
Refreshing native plugins compatible for Editor in 0.48 ms, found 0 plugins.
Preloading 0 native plugins for Editor in 0.00 ms.
Invoked RoslynAnalysisRunner static constructor.
RoslynAnalysisRunner will not be running.
RoslynAnalysisRunner has terminated.
Mono: successfully reloaded assembly
- Completed reload, in  1.074 seconds
Platform modules already initialized, skipping
Shader 'Universal Render Pipeline/Particles/Lit': fallback shader 'Universal Render Pipeline/Particles/SimpleLit' not found
Refreshing native plugins compatible for Editor in 0.49 ms, found 0 plugins.
Preloading 0 native plugins for Editor in 0.00 ms.
Unloading 2316 Unused Serialized files (Serialized files now loaded: 0)
System memory in use before: 116.6 MB.
System memory in use after: 116.8 MB.

Unloading 5 unused Assets to reduce memory usage. Loaded Objects now: 2987.
Total: 2.453000 ms (FindLiveObjects: 0.243300 ms CreateObjectMapping: 0.107900 ms MarkObjects: 2.052200 ms  DeleteObjects: 0.048400 ms)

========================================================================
Received Prepare
Registering precompiled user dll's ...
Registered in 0.001509 seconds.
Begin MonoManager ReloadAssembly
Native extension for WindowsStandalone target not found
Refreshing native plugins compatible for Editor in 0.45 ms, found 0 plugins.
Preloading 0 native plugins for Editor in 0.00 ms.
Invoked RoslynAnalysisRunner static constructor.
RoslynAnalysisRunner will not be running.
RoslynAnalysisRunner has terminated.
Mono: successfully reloaded assembly
- Completed reload, in  1.050 seconds
Platform modules already initialized, skipping
Shader 'Universal Render Pipeline/Particles/Lit': fallback shader 'Universal Render Pipeline/Particles/SimpleLit' not found
Refreshing native plugins compatible for Editor in 0.47 ms, found 0 plugins.
Preloading 0 native plugins for Editor in 0.00 ms.
Unloading 2316 Unused Serialized files (Serialized files now loaded: 0)
System memory in use before: 116.5 MB.
System memory in use after: 116.7 MB.

Unloading 5 unused Assets to reduce memory usage. Loaded Objects now: 2990.
Total: 2.633200 ms (FindLiveObjects: 0.256900 ms CreateObjectMapping: 0.131300 ms MarkObjects: 2.227200 ms  DeleteObjects: 0.015900 ms)

========================================================================
Received Import Request.
  Time since last request: 1089.160586 seconds.
  path: Assets/Scripts/CameraManager.cs
  artifactKey: Guid(0efcb725bc724134b81256d2a4dda9b7) Importer(815301076,1909f56bfc062723c751e8b465ee728b)
Start importing Assets/Scripts/CameraManager.cs using Guid(0efcb725bc724134b81256d2a4dda9b7) Importer(815301076,1909f56bfc062723c751e8b465ee728b)  -> (artifact id: '57327cac9338cc791a9d72c805f203f8') in 0.036901 seconds
  Import took 0.067760 seconds .

========================================================================
Received Prepare
Registering precompiled user dll's ...
Registered in 0.001486 seconds.
Begin MonoManager ReloadAssembly
Native extension for WindowsStandalone target not found
Refreshing native plugins compatible for Editor in 0.45 ms, found 0 plugins.
Preloading 0 native plugins for Editor in 0.00 ms.
Invoked RoslynAnalysisRunner static constructor.
RoslynAnalysisRunner will not be running.
RoslynAnalysisRunner has terminated.
Mono: successfully reloaded assembly
- Completed reload, in  1.105 seconds
Platform modules already initialized, skipping
Shader 'Universal Render Pipeline/Particles/Lit': fallback shader 'Universal Render Pipeline/Particles/SimpleLit' not found
Refreshing native plugins compatible for Editor in 0.49 ms, found 0 plugins.
Preloading 0 native plugins for Editor in 0.00 ms.
Unloading 2316 Unused Serialized files (Serialized files now loaded: 0)
System memory in use before: 116.6 MB.
System memory in use after: 116.8 MB.

Unloading 5 unused Assets to reduce memory usage. Loaded Objects now: 2993.
Total: 2.805400 ms (FindLiveObjects: 0.317300 ms CreateObjectMapping: 0.155600 ms MarkObjects: 2.304400 ms  DeleteObjects: 0.026600 ms)

========================================================================
Received Prepare
Registering precompiled user dll's ...
Registered in 0.001563 seconds.
Begin MonoManager ReloadAssembly
Native extension for WindowsStandalone target not found
Refreshing native plugins compatible for Editor in 0.44 ms, found 0 plugins.
Preloading 0 native plugins for Editor in 0.00 ms.
Invoked RoslynAnalysisRunner static constructor.
RoslynAnalysisRunner will not be running.
RoslynAnalysisRunner has terminated.
Mono: successfully reloaded assembly
- Completed reload, in  0.990 seconds
Platform modules already initialized, skipping
Shader 'Universal Render Pipeline/Particles/Lit': fallback shader 'Universal Render Pipeline/Particles/SimpleLit' not found
Refreshing native plugins compatible for Editor in 0.52 ms, found 0 plugins.
Preloading 0 native plugins for Editor in 0.00 ms.
Unloading 2316 Unused Serialized files (Serialized files now loaded: 0)
System memory in use before: 116.6 MB.
System memory in use after: 116.8 MB.

Unloading 5 unused Assets to reduce memory usage. Loaded Objects now: 2996.
Total: 3.370000 ms (FindLiveObjects: 0.286000 ms CreateObjectMapping: 0.158500 ms MarkObjects: 2.894800 ms  DeleteObjects: 0.029400 ms)

========================================================================
Received Prepare
Registering precompiled user dll's ...
Registered in 0.001597 seconds.
Begin MonoManager ReloadAssembly
Native extension for WindowsStandalone target not found
Refreshing native plugins compatible for Editor in 0.47 ms, found 0 plugins.
Preloading 0 native plugins for Editor in 0.00 ms.
Invoked RoslynAnalysisRunner static constructor.
RoslynAnalysisRunner will not be running.
RoslynAnalysisRunner has terminated.
Mono: successfully reloaded assembly
- Completed reload, in  1.045 seconds
Platform modules already initialized, skipping
Shader 'Universal Render Pipeline/Particles/Lit': fallback shader 'Universal Render Pipeline/Particles/SimpleLit' not found
Refreshing native plugins compatible for Editor in 0.46 ms, found 0 plugins.
Preloading 0 native plugins for Editor in 0.00 ms.
Unloading 2316 Unused Serialized files (Serialized files now loaded: 0)
System memory in use before: 116.6 MB.
System memory in use after: 116.8 MB.

Unloading 5 unused Assets to reduce memory usage. Loaded Objects now: 2999.
Total: 3.408800 ms (FindLiveObjects: 0.301700 ms CreateObjectMapping: 0.117900 ms MarkObjects: 2.959500 ms  DeleteObjects: 0.028200 ms)

========================================================================
Received Prepare
Registering precompiled user dll's ...
Registered in 0.001547 seconds.
Begin MonoManager ReloadAssembly
Native extension for WindowsStandalone target not found
Refreshing native plugins compatible for Editor in 0.46 ms, found 0 plugins.
Preloading 0 native plugins for Editor in 0.00 ms.
Invoked RoslynAnalysisRunner static constructor.
RoslynAnalysisRunner will not be running.
RoslynAnalysisRunner has terminated.
Mono: successfully reloaded assembly
- Completed reload, in  1.045 seconds
Platform modules already initialized, skipping
Shader 'Universal Render Pipeline/Particles/Lit': fallback shader 'Universal Render Pipeline/Particles/SimpleLit' not found
Refreshing native plugins compatible for Editor in 0.45 ms, found 0 plugins.
Preloading 0 native plugins for Editor in 0.00 ms.
Unloading 2316 Unused Serialized files (Serialized files now loaded: 0)
System memory in use before: 116.6 MB.
System memory in use after: 116.8 MB.

Unloading 5 unused Assets to reduce memory usage. Loaded Objects now: 3002.
Total: 2.439200 ms (FindLiveObjects: 0.285700 ms CreateObjectMapping: 0.108700 ms MarkObjects: 1.997600 ms  DeleteObjects: 0.046300 ms)

========================================================================
Received Prepare
Registering precompiled user dll's ...
Registered in 0.001569 seconds.
Begin MonoManager ReloadAssembly
Native extension for WindowsStandalone target not found
Refreshing native plugins compatible for Editor in 0.46 ms, found 0 plugins.
Preloading 0 native plugins for Editor in 0.00 ms.
Invoked RoslynAnalysisRunner static constructor.
RoslynAnalysisRunner will not be running.
RoslynAnalysisRunner has terminated.
Mono: successfully reloaded assembly
- Completed reload, in  1.128 seconds
Platform modules already initialized, skipping
Shader 'Universal Render Pipeline/Particles/Lit': fallback shader 'Universal Render Pipeline/Particles/SimpleLit' not found
Refreshing native plugins compatible for Editor in 0.44 ms, found 0 plugins.
Preloading 0 native plugins for Editor in 0.00 ms.
Unloading 2316 Unused Serialized files (Serialized files now loaded: 0)
System memory in use before: 116.5 MB.
System memory in use after: 116.8 MB.

Unloading 5 unused Assets to reduce memory usage. Loaded Objects now: 3005.
Total: 2.367200 ms (FindLiveObjects: 0.271300 ms CreateObjectMapping: 0.116600 ms MarkObjects: 1.959400 ms  DeleteObjects: 0.018800 ms)

AssetImportWorkerClient::OnTransportError - code=2 error=End of file
